2024-11-10 21:37:09,597 - INFO - Starting Issue Dataset Creation Script.
2024-11-10 21:37:09,597 - INFO - Loading CodeBERT model and tokenizer...
2024-11-10 21:37:11,648 - INFO - CodeBERT model and tokenizer loaded successfully.
2024-11-10 21:37:11,648 - INFO - Attempting to get repository at path: pytest
2024-11-10 21:37:11,668 - INFO - Successfully obtained repository: /home/hoka/code/compex/compex/pytest
2024-11-10 21:37:11,668 - INFO - Creating dataset for issues: [12000, 12001, 12002, 12003, 12004, 12005]
2024-11-10 21:37:11,668 - INFO - Processing issue #12000
2024-11-10 21:37:11,668 - INFO - Searching for commits related to issue number: 12000
2024-11-10 21:37:11,717 - DEBUG - Found commit related to issue #12000: cefb3e2277b6ea24acc7b1088f80ef0f9e9f3858
2024-11-10 21:37:12,615 - INFO - Total commits found for issue #12000: 1
2024-11-10 21:37:12,615 - INFO - Fetching description for issue #12000
2024-11-10 21:37:13,401 - DEBUG - Issue #12000 description fetched successfully.
2024-11-10 21:37:13,401 - INFO - First commit for issue #12000: cefb3e2277b6ea24acc7b1088f80ef0f9e9f3858
2024-11-10 21:37:13,401 - INFO - Extracting codebase before commit: cefb3e2277b6ea24acc7b1088f80ef0f9e9f3858
2024-11-10 21:37:13,454 - INFO - Extracted codebase before commit cefb3e2277b6ea24acc7b1088f80ef0f9e9f3858
2024-11-10 21:37:15,490 - INFO - Getting files changed in commit: cefb3e2277b6ea24acc7b1088f80ef0f9e9f3858
2024-11-10 21:37:15,498 - DEBUG - Files changed in commit cefb3e2277b6ea24acc7b1088f80ef0f9e9f3858: {'doc/en/requirements.txt': {'insertions': 2, 'deletions': 1, 'lines': 3}}
2024-11-10 21:37:15,498 - DEBUG - Written data for issue #12000 to data/issue_dataset.jsonl
2024-11-10 21:37:15,498 - INFO - Processing issue #12001
2024-11-10 21:37:15,498 - INFO - Searching for commits related to issue number: 12001
2024-11-10 21:37:16,441 - INFO - Total commits found for issue #12001: 0
2024-11-10 21:37:16,441 - WARNING - No commits found for issue #12001, skipping...
2024-11-10 21:37:16,441 - INFO - Processing issue #12002
2024-11-10 21:37:16,441 - INFO - Searching for commits related to issue number: 12002
2024-11-10 21:37:16,487 - DEBUG - Found commit related to issue #12002: 40011b838b67691c76302f3cd8d18862f37b9370
2024-11-10 21:37:17,388 - INFO - Total commits found for issue #12002: 1
2024-11-10 21:37:17,389 - INFO - Fetching description for issue #12002
2024-11-10 21:37:18,148 - DEBUG - Issue #12002 description fetched successfully.
2024-11-10 21:37:18,149 - INFO - First commit for issue #12002: 40011b838b67691c76302f3cd8d18862f37b9370
2024-11-10 21:37:18,150 - INFO - Extracting codebase before commit: 40011b838b67691c76302f3cd8d18862f37b9370
2024-11-10 21:37:18,187 - INFO - Extracted codebase before commit 40011b838b67691c76302f3cd8d18862f37b9370
2024-11-10 21:37:20,056 - INFO - Getting files changed in commit: 40011b838b67691c76302f3cd8d18862f37b9370
2024-11-10 21:37:20,062 - DEBUG - Files changed in commit 40011b838b67691c76302f3cd8d18862f37b9370: {'doc/en/_templates/slim_searchbox.html': {'insertions': 2, 'deletions': 3, 'lines': 5}, 'doc/en/requirements.txt': {'insertions': 1, 'deletions': 2, 'lines': 3}}
2024-11-10 21:37:20,062 - DEBUG - Written data for issue #12002 to data/issue_dataset.jsonl
2024-11-10 21:37:20,062 - INFO - Processing issue #12003
2024-11-10 21:37:20,062 - INFO - Searching for commits related to issue number: 12003
2024-11-10 21:37:20,106 - DEBUG - Found commit related to issue #12003: b37696703b356380339aadf9d4e4b80450fb394c
2024-11-10 21:37:21,012 - INFO - Total commits found for issue #12003: 1
2024-11-10 21:37:21,012 - INFO - Fetching description for issue #12003
2024-11-10 21:37:21,730 - DEBUG - Issue #12003 description fetched successfully.
2024-11-10 21:37:21,731 - INFO - First commit for issue #12003: b37696703b356380339aadf9d4e4b80450fb394c
2024-11-10 21:37:21,732 - INFO - Extracting codebase before commit: b37696703b356380339aadf9d4e4b80450fb394c
2024-11-10 21:37:21,769 - INFO - Extracted codebase before commit b37696703b356380339aadf9d4e4b80450fb394c
2024-11-10 21:37:23,686 - INFO - Getting files changed in commit: b37696703b356380339aadf9d4e4b80450fb394c
2024-11-10 21:37:23,697 - DEBUG - Files changed in commit b37696703b356380339aadf9d4e4b80450fb394c: {'doc/en/reference/plugin_list.rst': {'insertions': 312, 'deletions': 96, 'lines': 408}}
2024-11-10 21:37:23,698 - DEBUG - Written data for issue #12003 to data/issue_dataset.jsonl
2024-11-10 21:37:23,698 - INFO - Processing issue #12004
2024-11-10 21:37:23,698 - INFO - Searching for commits related to issue number: 12004
2024-11-10 21:37:24,630 - INFO - Total commits found for issue #12004: 0
2024-11-10 21:37:24,630 - WARNING - No commits found for issue #12004, skipping...
2024-11-10 21:37:24,630 - INFO - Processing issue #12005
2024-11-10 21:37:24,630 - INFO - Searching for commits related to issue number: 12005
2024-11-10 21:37:25,579 - INFO - Total commits found for issue #12005: 0
2024-11-10 21:37:25,579 - WARNING - No commits found for issue #12005, skipping...
2024-11-10 21:37:25,579 - INFO - Dataset successfully saved to 'data/issue_dataset.jsonl'
2024-11-10 21:37:25,579 - INFO - Issue Dataset Creation Script finished.
2024-11-11 13:17:57,559 - INFO - Starting Issue Dataset Creation Script.
2024-11-11 13:17:57,561 - INFO - Loading CodeBERT model and tokenizer...
2024-11-11 13:17:57,564 - ERROR - Error loading CodeBERT model: (MaxRetryError("HTTPSConnectionPool(host='huggingface.co', port=443): Max retries exceeded with url: /microsoft/codebert-base/resolve/main/tokenizer_config.json (Caused by ProxyError('Unable to connect to proxy', NewConnectionError('<urllib3.connection.HTTPSConnection object at 0x7fdd3659ba90>: Failed to establish a new connection: [Errno 111] Connection refused')))"), '(Request ID: 6a9d4c15-743a-49bf-8816-3623d9a93d87)')
2024-11-11 13:18:46,088 - INFO - Starting Issue Dataset Creation Script.
2024-11-11 13:18:46,088 - INFO - Loading CodeBERT model and tokenizer...
2024-11-11 13:18:46,090 - ERROR - Error loading CodeBERT model: (MaxRetryError("HTTPSConnectionPool(host='huggingface.co', port=443): Max retries exceeded with url: /microsoft/codebert-base/resolve/main/tokenizer_config.json (Caused by ProxyError('Unable to connect to proxy', NewConnectionError('<urllib3.connection.HTTPSConnection object at 0x7fe8d9929950>: Failed to establish a new connection: [Errno 111] Connection refused')))"), '(Request ID: 830a87c6-b8a1-4899-98d4-be9cbfb7e3d3)')
2024-11-11 13:19:25,888 - INFO - Starting Issue Dataset Creation Script.
2024-11-11 13:19:25,888 - INFO - Loading CodeBERT model and tokenizer...
2024-11-11 13:19:25,890 - ERROR - Error loading CodeBERT model: (MaxRetryError("HTTPSConnectionPool(host='huggingface.co', port=443): Max retries exceeded with url: /microsoft/codebert-base/resolve/main/tokenizer_config.json (Caused by ProxyError('Unable to connect to proxy', NewConnectionError('<urllib3.connection.HTTPSConnection object at 0x7f618d92a990>: Failed to establish a new connection: [Errno 111] Connection refused')))"), '(Request ID: bee258d2-0ad8-49db-bb67-e8014ceb4649)')
2024-11-11 13:22:44,376 - INFO - Starting Issue Dataset Creation Script.
2024-11-11 13:22:44,376 - INFO - Loading CodeBERT model and tokenizer...
2024-11-11 13:22:46,722 - INFO - CodeBERT model and tokenizer loaded successfully.
2024-11-11 13:22:46,722 - INFO - Attempting to get repository at path: pytest
2024-11-11 13:22:46,744 - INFO - Successfully obtained repository: /home/hoka/code/compex/compex/pytest
2024-11-11 13:22:46,744 - INFO - Creating dataset for issues: [12000, 12001, 12002, 12003, 12004, 12005, 12006, 12007, 12008, 12009, 12010]
2024-11-11 13:22:46,744 - INFO - Processing issue #12000
2024-11-11 13:22:46,744 - INFO - Searching for commits related to issue number: 12000
2024-11-11 13:22:46,793 - DEBUG - Found commit related to issue #12000: cefb3e2277b6ea24acc7b1088f80ef0f9e9f3858
2024-11-11 13:22:47,747 - INFO - Total commits found for issue #12000: 1
2024-11-11 13:22:47,747 - INFO - Fetching description for issue #12000
2024-11-11 13:22:48,689 - DEBUG - Issue #12000 description fetched successfully.
2024-11-11 13:22:48,689 - INFO - First commit for issue #12000: cefb3e2277b6ea24acc7b1088f80ef0f9e9f3858
2024-11-11 13:22:48,689 - INFO - Extracting codebase before commit: cefb3e2277b6ea24acc7b1088f80ef0f9e9f3858
2024-11-11 13:22:48,743 - INFO - Extracted codebase before commit cefb3e2277b6ea24acc7b1088f80ef0f9e9f3858
2024-11-11 13:22:50,886 - INFO - Getting files changed in commit: cefb3e2277b6ea24acc7b1088f80ef0f9e9f3858
2024-11-11 13:22:50,892 - DEBUG - Files changed in commit cefb3e2277b6ea24acc7b1088f80ef0f9e9f3858: {'doc/en/requirements.txt': {'insertions': 2, 'deletions': 1, 'lines': 3}}
2024-11-11 13:22:50,893 - DEBUG - Written data for issue #12000 to data/issue_dataset.jsonl
2024-11-11 13:22:50,893 - INFO - Processing issue #12001
2024-11-11 13:22:50,893 - INFO - Searching for commits related to issue number: 12001
2024-11-11 13:22:51,880 - INFO - Total commits found for issue #12001: 0
2024-11-11 13:22:51,881 - WARNING - No commits found for issue #12001, skipping...
2024-11-11 13:22:51,881 - INFO - Processing issue #12002
2024-11-11 13:22:51,881 - INFO - Searching for commits related to issue number: 12002
2024-11-11 13:22:51,927 - DEBUG - Found commit related to issue #12002: 40011b838b67691c76302f3cd8d18862f37b9370
2024-11-11 13:22:52,856 - INFO - Total commits found for issue #12002: 1
2024-11-11 13:22:52,856 - INFO - Fetching description for issue #12002
2024-11-11 13:22:53,794 - DEBUG - Issue #12002 description fetched successfully.
2024-11-11 13:22:53,794 - INFO - First commit for issue #12002: 40011b838b67691c76302f3cd8d18862f37b9370
2024-11-11 13:22:53,795 - INFO - Extracting codebase before commit: 40011b838b67691c76302f3cd8d18862f37b9370
2024-11-11 13:22:53,830 - INFO - Extracted codebase before commit 40011b838b67691c76302f3cd8d18862f37b9370
2024-11-11 13:22:55,857 - INFO - Getting files changed in commit: 40011b838b67691c76302f3cd8d18862f37b9370
2024-11-11 13:22:55,863 - DEBUG - Files changed in commit 40011b838b67691c76302f3cd8d18862f37b9370: {'doc/en/_templates/slim_searchbox.html': {'insertions': 2, 'deletions': 3, 'lines': 5}, 'doc/en/requirements.txt': {'insertions': 1, 'deletions': 2, 'lines': 3}}
2024-11-11 13:22:55,864 - DEBUG - Written data for issue #12002 to data/issue_dataset.jsonl
2024-11-11 13:22:55,864 - INFO - Processing issue #12003
2024-11-11 13:22:55,864 - INFO - Searching for commits related to issue number: 12003
2024-11-11 13:22:55,908 - DEBUG - Found commit related to issue #12003: b37696703b356380339aadf9d4e4b80450fb394c
2024-11-11 13:22:56,871 - INFO - Total commits found for issue #12003: 1
2024-11-11 13:22:56,871 - INFO - Fetching description for issue #12003
2024-11-11 13:22:57,787 - DEBUG - Issue #12003 description fetched successfully.
2024-11-11 13:22:57,787 - INFO - First commit for issue #12003: b37696703b356380339aadf9d4e4b80450fb394c
2024-11-11 13:22:57,788 - INFO - Extracting codebase before commit: b37696703b356380339aadf9d4e4b80450fb394c
2024-11-11 13:22:57,820 - INFO - Extracted codebase before commit b37696703b356380339aadf9d4e4b80450fb394c
2024-11-11 13:22:59,761 - INFO - Getting files changed in commit: b37696703b356380339aadf9d4e4b80450fb394c
2024-11-11 13:22:59,772 - DEBUG - Files changed in commit b37696703b356380339aadf9d4e4b80450fb394c: {'doc/en/reference/plugin_list.rst': {'insertions': 312, 'deletions': 96, 'lines': 408}}
2024-11-11 13:22:59,772 - DEBUG - Written data for issue #12003 to data/issue_dataset.jsonl
2024-11-11 13:22:59,772 - INFO - Processing issue #12004
2024-11-11 13:22:59,772 - INFO - Searching for commits related to issue number: 12004
2024-11-11 13:23:00,775 - INFO - Total commits found for issue #12004: 0
2024-11-11 13:23:00,775 - WARNING - No commits found for issue #12004, skipping...
2024-11-11 13:23:00,776 - INFO - Processing issue #12005
2024-11-11 13:23:00,776 - INFO - Searching for commits related to issue number: 12005
2024-11-11 13:23:01,774 - INFO - Total commits found for issue #12005: 0
2024-11-11 13:23:01,774 - WARNING - No commits found for issue #12005, skipping...
2024-11-11 13:23:01,775 - INFO - Processing issue #12006
2024-11-11 13:23:01,775 - INFO - Searching for commits related to issue number: 12006
2024-11-11 13:23:01,819 - DEBUG - Found commit related to issue #12006: 998fee1679892f62cc9bd727e9e17911d746ed64
2024-11-11 13:23:02,760 - INFO - Total commits found for issue #12006: 1
2024-11-11 13:23:02,760 - INFO - Fetching description for issue #12006
2024-11-11 13:23:03,917 - DEBUG - Issue #12006 description fetched successfully.
2024-11-11 13:23:03,918 - INFO - First commit for issue #12006: 998fee1679892f62cc9bd727e9e17911d746ed64
2024-11-11 13:23:03,918 - INFO - Extracting codebase before commit: 998fee1679892f62cc9bd727e9e17911d746ed64
2024-11-11 13:23:03,948 - INFO - Extracted codebase before commit 998fee1679892f62cc9bd727e9e17911d746ed64
2024-11-11 13:23:05,877 - INFO - Getting files changed in commit: 998fee1679892f62cc9bd727e9e17911d746ed64
2024-11-11 13:23:05,883 - DEBUG - Files changed in commit 998fee1679892f62cc9bd727e9e17911d746ed64: {'src/_pytest/config/__init__.py': {'insertions': 10, 'deletions': 7, 'lines': 17}}
2024-11-11 13:23:05,883 - DEBUG - Written data for issue #12006 to data/issue_dataset.jsonl
2024-11-11 13:23:05,884 - INFO - Processing issue #12007
2024-11-11 13:23:05,884 - INFO - Searching for commits related to issue number: 12007
2024-11-11 13:23:05,922 - DEBUG - Found commit related to issue #12007: 998fee1679892f62cc9bd727e9e17911d746ed64
2024-11-11 13:23:06,895 - INFO - Total commits found for issue #12007: 1
2024-11-11 13:23:06,895 - INFO - Fetching description for issue #12007
2024-11-11 13:23:07,842 - DEBUG - Issue #12007 description fetched successfully.
2024-11-11 13:23:07,842 - INFO - First commit for issue #12007: 998fee1679892f62cc9bd727e9e17911d746ed64
2024-11-11 13:23:07,842 - INFO - Extracting codebase before commit: 998fee1679892f62cc9bd727e9e17911d746ed64
2024-11-11 13:23:07,876 - INFO - Extracted codebase before commit 998fee1679892f62cc9bd727e9e17911d746ed64
2024-11-11 13:23:09,874 - INFO - Getting files changed in commit: 998fee1679892f62cc9bd727e9e17911d746ed64
2024-11-11 13:23:09,880 - DEBUG - Files changed in commit 998fee1679892f62cc9bd727e9e17911d746ed64: {'src/_pytest/config/__init__.py': {'insertions': 10, 'deletions': 7, 'lines': 17}}
2024-11-11 13:23:09,880 - DEBUG - Written data for issue #12007 to data/issue_dataset.jsonl
2024-11-11 13:23:09,880 - INFO - Processing issue #12008
2024-11-11 13:23:09,880 - INFO - Searching for commits related to issue number: 12008
2024-11-11 13:23:09,888 - DEBUG - Found commit related to issue #12008: 6a3ac51ee2350d5072fdd082040e7cfa22331fc0
2024-11-11 13:23:10,882 - INFO - Total commits found for issue #12008: 1
2024-11-11 13:23:10,882 - INFO - Fetching description for issue #12008
2024-11-11 13:23:11,927 - DEBUG - Issue #12008 description fetched successfully.
2024-11-11 13:23:11,927 - INFO - First commit for issue #12008: 6a3ac51ee2350d5072fdd082040e7cfa22331fc0
2024-11-11 13:23:11,927 - INFO - Extracting codebase before commit: 6a3ac51ee2350d5072fdd082040e7cfa22331fc0
2024-11-11 13:23:11,963 - INFO - Extracted codebase before commit 6a3ac51ee2350d5072fdd082040e7cfa22331fc0
2024-11-11 13:23:14,132 - INFO - Getting files changed in commit: 6a3ac51ee2350d5072fdd082040e7cfa22331fc0
2024-11-11 13:23:14,142 - DEBUG - Files changed in commit 6a3ac51ee2350d5072fdd082040e7cfa22331fc0: {'changelog/12008.bugfix.rst': {'insertions': 1, 'deletions': 0, 'lines': 1}, 'src/_pytest/python.py': {'insertions': 10, 'deletions': 0, 'lines': 10}, 'testing/example_scripts/issue_519.py': {'insertions': 2, 'deletions': 2, 'lines': 4}, 'testing/python/metafunc.py': {'insertions': 3, 'deletions': 3, 'lines': 6}}
2024-11-11 13:23:14,142 - DEBUG - Written data for issue #12008 to data/issue_dataset.jsonl
2024-11-11 13:23:14,142 - INFO - Processing issue #12009
2024-11-11 13:23:14,142 - INFO - Searching for commits related to issue number: 12009
2024-11-11 13:23:15,282 - INFO - Total commits found for issue #12009: 0
2024-11-11 13:23:15,282 - WARNING - No commits found for issue #12009, skipping...
2024-11-11 13:23:15,282 - INFO - Processing issue #12010
2024-11-11 13:23:15,282 - INFO - Searching for commits related to issue number: 12010
2024-11-11 13:23:16,448 - INFO - Total commits found for issue #12010: 0
2024-11-11 13:23:16,448 - WARNING - No commits found for issue #12010, skipping...
2024-11-11 13:23:16,448 - INFO - Dataset successfully saved to 'data/issue_dataset.jsonl'
2024-11-11 13:23:16,448 - INFO - Issue Dataset Creation Script finished.
2024-11-11 13:33:40,420 - INFO - Starting Issue Dataset Creation Script.
2024-11-11 13:33:40,420 - INFO - Loading CodeBERT model and tokenizer...
2024-11-11 13:33:42,574 - INFO - CodeBERT model and tokenizer loaded successfully.
2024-11-11 13:33:42,575 - INFO - Attempting to get repository at path: pytest
2024-11-11 13:33:42,593 - INFO - Successfully obtained repository: /home/hoka/code/compex/compex/pytest
2024-11-11 13:33:42,594 - INFO - Creating dataset for issues: [12000]
2024-11-11 13:33:42,594 - INFO - Processing issue #12000
2024-11-11 13:33:42,594 - INFO - Searching for commits related to issue number: 12000
2024-11-11 13:33:42,639 - DEBUG - Found commit related to issue #12000: cefb3e2277b6ea24acc7b1088f80ef0f9e9f3858
2024-11-11 13:33:43,523 - INFO - Total commits found for issue #12000: 1
2024-11-11 13:33:43,523 - INFO - Fetching description for issue #12000
2024-11-11 13:33:44,548 - DEBUG - Issue #12000 description fetched successfully.
2024-11-11 13:33:44,549 - INFO - First commit for issue #12000: cefb3e2277b6ea24acc7b1088f80ef0f9e9f3858
2024-11-11 13:33:44,549 - INFO - Extracting codebase before commit: cefb3e2277b6ea24acc7b1088f80ef0f9e9f3858
2024-11-11 13:33:45,158 - INFO - Extracted codebase before commit cefb3e2277b6ea24acc7b1088f80ef0f9e9f3858
2024-11-11 13:33:47,117 - INFO - Getting files changed in commit: cefb3e2277b6ea24acc7b1088f80ef0f9e9f3858
2024-11-11 13:33:47,123 - DEBUG - Files changed in commit cefb3e2277b6ea24acc7b1088f80ef0f9e9f3858: {'doc/en/requirements.txt': {'insertions': 2, 'deletions': 1, 'lines': 3}}
2024-11-11 13:33:47,123 - DEBUG - Written data for issue #12000 to data/issue_dataset.jsonl
2024-11-11 13:33:47,123 - INFO - Dataset successfully saved to 'data/issue_dataset.jsonl'
2024-11-11 13:33:47,123 - INFO - Issue Dataset Creation Script finished.
2024-11-11 13:35:21,968 - INFO - Starting Issue Dataset Creation Script.
2024-11-11 13:35:21,968 - INFO - Loading CodeBERT model and tokenizer...
2024-11-11 13:35:24,095 - INFO - CodeBERT model and tokenizer loaded successfully.
2024-11-11 13:35:24,095 - INFO - Attempting to get repository at path: pytest
2024-11-11 13:35:24,121 - INFO - Successfully obtained repository: /home/hoka/code/compex/compex/pytest
2024-11-11 13:35:24,121 - INFO - Creating dataset for issues: [12000, 12001, 12002, 12003, 12004, 12005, 12006, 12007, 12008, 12009, 12010]
2024-11-11 13:35:24,121 - INFO - Processing issue #12000
2024-11-11 13:35:24,121 - INFO - Searching for commits related to issue number: 12000
2024-11-11 13:35:24,171 - DEBUG - Found commit related to issue #12000: cefb3e2277b6ea24acc7b1088f80ef0f9e9f3858
2024-11-11 13:35:25,053 - INFO - Total commits found for issue #12000: 1
2024-11-11 13:35:25,053 - INFO - Fetching description for issue #12000
2024-11-11 13:35:26,512 - DEBUG - Issue #12000 description fetched successfully.
2024-11-11 13:35:26,513 - INFO - First commit for issue #12000: cefb3e2277b6ea24acc7b1088f80ef0f9e9f3858
2024-11-11 13:35:26,513 - INFO - Extracting codebase before commit: cefb3e2277b6ea24acc7b1088f80ef0f9e9f3858
2024-11-11 13:35:26,581 - INFO - Extracted codebase before commit cefb3e2277b6ea24acc7b1088f80ef0f9e9f3858
2024-11-11 13:35:28,613 - INFO - Getting files changed in commit: cefb3e2277b6ea24acc7b1088f80ef0f9e9f3858
2024-11-11 13:35:28,619 - DEBUG - Files changed in commit cefb3e2277b6ea24acc7b1088f80ef0f9e9f3858: {'doc/en/requirements.txt': {'insertions': 2, 'deletions': 1, 'lines': 3}}
2024-11-11 13:35:28,619 - DEBUG - Written data for issue #12000 to data/issue_dataset.jsonl
2024-11-11 13:35:28,620 - INFO - Processing issue #12001
2024-11-11 13:35:28,620 - INFO - Searching for commits related to issue number: 12001
2024-11-11 13:35:29,551 - INFO - Total commits found for issue #12001: 0
2024-11-11 13:35:29,551 - WARNING - No commits found for issue #12001, skipping...
2024-11-11 13:35:29,551 - INFO - Processing issue #12002
2024-11-11 13:35:29,552 - INFO - Searching for commits related to issue number: 12002
2024-11-11 13:35:29,598 - DEBUG - Found commit related to issue #12002: 40011b838b67691c76302f3cd8d18862f37b9370
2024-11-11 13:35:30,499 - INFO - Total commits found for issue #12002: 1
2024-11-11 13:35:30,499 - INFO - Fetching description for issue #12002
2024-11-11 13:35:31,479 - DEBUG - Issue #12002 description fetched successfully.
2024-11-11 13:35:31,480 - INFO - First commit for issue #12002: 40011b838b67691c76302f3cd8d18862f37b9370
2024-11-11 13:35:31,480 - INFO - Extracting codebase before commit: 40011b838b67691c76302f3cd8d18862f37b9370
2024-11-11 13:35:31,529 - INFO - Extracted codebase before commit 40011b838b67691c76302f3cd8d18862f37b9370
2024-11-11 13:35:33,390 - INFO - Getting files changed in commit: 40011b838b67691c76302f3cd8d18862f37b9370
2024-11-11 13:35:33,396 - DEBUG - Files changed in commit 40011b838b67691c76302f3cd8d18862f37b9370: {'doc/en/_templates/slim_searchbox.html': {'insertions': 2, 'deletions': 3, 'lines': 5}, 'doc/en/requirements.txt': {'insertions': 1, 'deletions': 2, 'lines': 3}}
2024-11-11 13:35:33,396 - DEBUG - Written data for issue #12002 to data/issue_dataset.jsonl
2024-11-11 13:35:33,396 - INFO - Processing issue #12003
2024-11-11 13:35:33,396 - INFO - Searching for commits related to issue number: 12003
2024-11-11 13:35:33,437 - DEBUG - Found commit related to issue #12003: b37696703b356380339aadf9d4e4b80450fb394c
2024-11-11 13:35:34,342 - INFO - Total commits found for issue #12003: 1
2024-11-11 13:35:34,342 - INFO - Fetching description for issue #12003
2024-11-11 13:35:35,439 - DEBUG - Issue #12003 description fetched successfully.
2024-11-11 13:35:35,440 - INFO - First commit for issue #12003: b37696703b356380339aadf9d4e4b80450fb394c
2024-11-11 13:35:35,441 - INFO - Extracting codebase before commit: b37696703b356380339aadf9d4e4b80450fb394c
2024-11-11 13:35:35,484 - INFO - Extracted codebase before commit b37696703b356380339aadf9d4e4b80450fb394c
2024-11-11 13:35:37,317 - INFO - Getting files changed in commit: b37696703b356380339aadf9d4e4b80450fb394c
2024-11-11 13:35:37,328 - DEBUG - Files changed in commit b37696703b356380339aadf9d4e4b80450fb394c: {'doc/en/reference/plugin_list.rst': {'insertions': 312, 'deletions': 96, 'lines': 408}}
2024-11-11 13:35:37,329 - DEBUG - Written data for issue #12003 to data/issue_dataset.jsonl
2024-11-11 13:35:37,329 - INFO - Processing issue #12004
2024-11-11 13:35:37,329 - INFO - Searching for commits related to issue number: 12004
2024-11-11 13:35:38,283 - INFO - Total commits found for issue #12004: 0
2024-11-11 13:35:38,283 - WARNING - No commits found for issue #12004, skipping...
2024-11-11 13:35:38,283 - INFO - Processing issue #12005
2024-11-11 13:35:38,283 - INFO - Searching for commits related to issue number: 12005
2024-11-11 13:35:39,232 - INFO - Total commits found for issue #12005: 0
2024-11-11 13:35:39,232 - WARNING - No commits found for issue #12005, skipping...
2024-11-11 13:35:39,232 - INFO - Processing issue #12006
2024-11-11 13:35:39,233 - INFO - Searching for commits related to issue number: 12006
2024-11-11 13:35:39,275 - DEBUG - Found commit related to issue #12006: 998fee1679892f62cc9bd727e9e17911d746ed64
2024-11-11 13:35:40,165 - INFO - Total commits found for issue #12006: 1
2024-11-11 13:35:40,165 - INFO - Fetching description for issue #12006
2024-11-11 13:35:41,282 - DEBUG - Issue #12006 description fetched successfully.
2024-11-11 13:35:41,284 - INFO - First commit for issue #12006: 998fee1679892f62cc9bd727e9e17911d746ed64
2024-11-11 13:35:41,284 - INFO - Extracting codebase before commit: 998fee1679892f62cc9bd727e9e17911d746ed64
2024-11-11 13:35:41,327 - INFO - Extracted codebase before commit 998fee1679892f62cc9bd727e9e17911d746ed64
2024-11-11 13:35:43,191 - INFO - Getting files changed in commit: 998fee1679892f62cc9bd727e9e17911d746ed64
2024-11-11 13:35:43,197 - DEBUG - Files changed in commit 998fee1679892f62cc9bd727e9e17911d746ed64: {'src/_pytest/config/__init__.py': {'insertions': 10, 'deletions': 7, 'lines': 17}}
2024-11-11 13:35:43,197 - DEBUG - Written data for issue #12006 to data/issue_dataset.jsonl
2024-11-11 13:35:43,197 - INFO - Processing issue #12007
2024-11-11 13:35:43,197 - INFO - Searching for commits related to issue number: 12007
2024-11-11 13:35:43,238 - DEBUG - Found commit related to issue #12007: 998fee1679892f62cc9bd727e9e17911d746ed64
2024-11-11 13:35:44,139 - INFO - Total commits found for issue #12007: 1
2024-11-11 13:35:44,139 - INFO - Fetching description for issue #12007
2024-11-11 13:35:45,352 - DEBUG - Issue #12007 description fetched successfully.
2024-11-11 13:35:45,352 - INFO - First commit for issue #12007: 998fee1679892f62cc9bd727e9e17911d746ed64
2024-11-11 13:35:45,353 - INFO - Extracting codebase before commit: 998fee1679892f62cc9bd727e9e17911d746ed64
2024-11-11 13:35:45,396 - INFO - Extracted codebase before commit 998fee1679892f62cc9bd727e9e17911d746ed64
2024-11-11 13:35:47,257 - INFO - Getting files changed in commit: 998fee1679892f62cc9bd727e9e17911d746ed64
2024-11-11 13:35:47,263 - DEBUG - Files changed in commit 998fee1679892f62cc9bd727e9e17911d746ed64: {'src/_pytest/config/__init__.py': {'insertions': 10, 'deletions': 7, 'lines': 17}}
2024-11-11 13:35:47,263 - DEBUG - Written data for issue #12007 to data/issue_dataset.jsonl
2024-11-11 13:35:47,264 - INFO - Processing issue #12008
2024-11-11 13:35:47,264 - INFO - Searching for commits related to issue number: 12008
2024-11-11 13:35:47,273 - DEBUG - Found commit related to issue #12008: 6a3ac51ee2350d5072fdd082040e7cfa22331fc0
2024-11-11 13:35:48,219 - INFO - Total commits found for issue #12008: 1
2024-11-11 13:35:48,220 - INFO - Fetching description for issue #12008
2024-11-11 13:35:49,414 - DEBUG - Issue #12008 description fetched successfully.
2024-11-11 13:35:49,414 - INFO - First commit for issue #12008: 6a3ac51ee2350d5072fdd082040e7cfa22331fc0
2024-11-11 13:35:49,415 - INFO - Extracting codebase before commit: 6a3ac51ee2350d5072fdd082040e7cfa22331fc0
2024-11-11 13:35:49,467 - INFO - Extracted codebase before commit 6a3ac51ee2350d5072fdd082040e7cfa22331fc0
2024-11-11 13:35:51,393 - INFO - Getting files changed in commit: 6a3ac51ee2350d5072fdd082040e7cfa22331fc0
2024-11-11 13:35:51,402 - DEBUG - Files changed in commit 6a3ac51ee2350d5072fdd082040e7cfa22331fc0: {'changelog/12008.bugfix.rst': {'insertions': 1, 'deletions': 0, 'lines': 1}, 'src/_pytest/python.py': {'insertions': 10, 'deletions': 0, 'lines': 10}, 'testing/example_scripts/issue_519.py': {'insertions': 2, 'deletions': 2, 'lines': 4}, 'testing/python/metafunc.py': {'insertions': 3, 'deletions': 3, 'lines': 6}}
2024-11-11 13:35:51,402 - DEBUG - Written data for issue #12008 to data/issue_dataset.jsonl
2024-11-11 13:35:51,402 - INFO - Processing issue #12009
2024-11-11 13:35:51,402 - INFO - Searching for commits related to issue number: 12009
2024-11-11 13:35:52,347 - INFO - Total commits found for issue #12009: 0
2024-11-11 13:35:52,348 - WARNING - No commits found for issue #12009, skipping...
2024-11-11 13:35:52,348 - INFO - Processing issue #12010
2024-11-11 13:35:52,348 - INFO - Searching for commits related to issue number: 12010
2024-11-11 13:35:53,313 - INFO - Total commits found for issue #12010: 0
2024-11-11 13:35:53,314 - WARNING - No commits found for issue #12010, skipping...
2024-11-11 13:35:53,314 - INFO - Dataset successfully saved to 'data/issue_dataset.jsonl'
2024-11-11 13:35:53,314 - INFO - Issue Dataset Creation Script finished.
2024-11-11 13:38:26,154 - INFO - Starting Issue Dataset Creation Script.
2024-11-11 13:38:26,155 - INFO - Loading CodeBERT model and tokenizer...
2024-11-11 13:38:28,074 - INFO - CodeBERT model and tokenizer loaded successfully.
2024-11-11 13:38:28,074 - INFO - Attempting to get repository at path: pytest
2024-11-11 13:38:28,094 - INFO - Successfully obtained repository: /home/hoka/code/compex/compex/pytest
2024-11-11 13:38:28,094 - INFO - Creating dataset for issues: [12000, 12001, 12002, 12003, 12004, 12005, 12006, 12007, 12008, 12009, 12010]
2024-11-11 13:38:28,094 - INFO - Processing issue #12000
2024-11-11 13:38:28,094 - INFO - Searching for commits related to issue number: 12000
2024-11-11 13:38:28,137 - DEBUG - Found commit related to issue #12000: cefb3e2277b6ea24acc7b1088f80ef0f9e9f3858
2024-11-11 13:38:29,022 - INFO - Total commits found for issue #12000: 1
2024-11-11 13:38:29,022 - INFO - Fetching description for issue #12000
2024-11-11 13:38:30,063 - DEBUG - Issue #12000 description fetched successfully.
2024-11-11 13:38:30,064 - INFO - First commit for issue #12000: cefb3e2277b6ea24acc7b1088f80ef0f9e9f3858
2024-11-11 13:38:30,064 - INFO - Extracting codebase before commit: cefb3e2277b6ea24acc7b1088f80ef0f9e9f3858
2024-11-11 13:38:30,111 - INFO - Extracted codebase before commit cefb3e2277b6ea24acc7b1088f80ef0f9e9f3858
2024-11-11 13:38:32,110 - INFO - Getting files changed in commit: cefb3e2277b6ea24acc7b1088f80ef0f9e9f3858
2024-11-11 13:38:32,115 - DEBUG - Files changed in commit cefb3e2277b6ea24acc7b1088f80ef0f9e9f3858: {'doc/en/requirements.txt': {'insertions': 2, 'deletions': 1, 'lines': 3}}
2024-11-11 13:38:32,116 - DEBUG - Written data for issue #12000 to data/issue_dataset.jsonl
2024-11-11 13:38:32,116 - INFO - Processing issue #12001
2024-11-11 13:38:32,116 - INFO - Searching for commits related to issue number: 12001
2024-11-11 13:38:33,040 - INFO - Total commits found for issue #12001: 0
2024-11-11 13:38:33,040 - WARNING - No commits found for issue #12001, skipping...
2024-11-11 13:38:33,040 - INFO - Processing issue #12002
2024-11-11 13:38:33,040 - INFO - Searching for commits related to issue number: 12002
2024-11-11 13:38:33,081 - DEBUG - Found commit related to issue #12002: 40011b838b67691c76302f3cd8d18862f37b9370
2024-11-11 13:38:33,982 - INFO - Total commits found for issue #12002: 1
2024-11-11 13:38:33,982 - INFO - Fetching description for issue #12002
2024-11-11 13:38:34,931 - DEBUG - Issue #12002 description fetched successfully.
2024-11-11 13:38:34,932 - INFO - First commit for issue #12002: 40011b838b67691c76302f3cd8d18862f37b9370
2024-11-11 13:38:34,934 - INFO - Extracting codebase before commit: 40011b838b67691c76302f3cd8d18862f37b9370
2024-11-11 13:38:34,965 - INFO - Extracted codebase before commit 40011b838b67691c76302f3cd8d18862f37b9370
2024-11-11 13:38:36,845 - INFO - Getting files changed in commit: 40011b838b67691c76302f3cd8d18862f37b9370
2024-11-11 13:38:36,850 - DEBUG - Files changed in commit 40011b838b67691c76302f3cd8d18862f37b9370: {'doc/en/_templates/slim_searchbox.html': {'insertions': 2, 'deletions': 3, 'lines': 5}, 'doc/en/requirements.txt': {'insertions': 1, 'deletions': 2, 'lines': 3}}
2024-11-11 13:38:36,851 - DEBUG - Written data for issue #12002 to data/issue_dataset.jsonl
2024-11-11 13:38:36,851 - INFO - Processing issue #12003
2024-11-11 13:38:36,851 - INFO - Searching for commits related to issue number: 12003
2024-11-11 13:38:36,893 - DEBUG - Found commit related to issue #12003: b37696703b356380339aadf9d4e4b80450fb394c
2024-11-11 13:38:37,781 - INFO - Total commits found for issue #12003: 1
2024-11-11 13:38:37,782 - INFO - Fetching description for issue #12003
2024-11-11 13:38:38,859 - DEBUG - Issue #12003 description fetched successfully.
2024-11-11 13:38:38,861 - INFO - First commit for issue #12003: b37696703b356380339aadf9d4e4b80450fb394c
2024-11-11 13:38:38,862 - INFO - Extracting codebase before commit: b37696703b356380339aadf9d4e4b80450fb394c
2024-11-11 13:38:38,895 - INFO - Extracted codebase before commit b37696703b356380339aadf9d4e4b80450fb394c
2024-11-11 13:38:40,758 - INFO - Getting files changed in commit: b37696703b356380339aadf9d4e4b80450fb394c
2024-11-11 13:38:40,770 - DEBUG - Files changed in commit b37696703b356380339aadf9d4e4b80450fb394c: {'doc/en/reference/plugin_list.rst': {'insertions': 312, 'deletions': 96, 'lines': 408}}
2024-11-11 13:38:40,770 - DEBUG - Written data for issue #12003 to data/issue_dataset.jsonl
2024-11-11 13:38:40,770 - INFO - Processing issue #12004
2024-11-11 13:38:40,770 - INFO - Searching for commits related to issue number: 12004
2024-11-11 13:38:41,696 - INFO - Total commits found for issue #12004: 0
2024-11-11 13:38:41,697 - WARNING - No commits found for issue #12004, skipping...
2024-11-11 13:38:41,697 - INFO - Processing issue #12005
2024-11-11 13:38:41,697 - INFO - Searching for commits related to issue number: 12005
2024-11-11 13:38:42,646 - INFO - Total commits found for issue #12005: 0
2024-11-11 13:38:42,646 - WARNING - No commits found for issue #12005, skipping...
2024-11-11 13:38:42,646 - INFO - Processing issue #12006
2024-11-11 13:38:42,646 - INFO - Searching for commits related to issue number: 12006
2024-11-11 13:38:42,688 - DEBUG - Found commit related to issue #12006: 998fee1679892f62cc9bd727e9e17911d746ed64
2024-11-11 13:38:43,575 - INFO - Total commits found for issue #12006: 1
2024-11-11 13:38:43,575 - INFO - Fetching description for issue #12006
2024-11-11 13:38:44,713 - DEBUG - Issue #12006 description fetched successfully.
2024-11-11 13:38:44,714 - INFO - First commit for issue #12006: 998fee1679892f62cc9bd727e9e17911d746ed64
2024-11-11 13:38:44,714 - INFO - Extracting codebase before commit: 998fee1679892f62cc9bd727e9e17911d746ed64
2024-11-11 13:38:44,747 - INFO - Extracted codebase before commit 998fee1679892f62cc9bd727e9e17911d746ed64
2024-11-11 13:38:46,589 - INFO - Getting files changed in commit: 998fee1679892f62cc9bd727e9e17911d746ed64
2024-11-11 13:38:46,595 - DEBUG - Files changed in commit 998fee1679892f62cc9bd727e9e17911d746ed64: {'src/_pytest/config/__init__.py': {'insertions': 10, 'deletions': 7, 'lines': 17}}
2024-11-11 13:38:46,595 - DEBUG - Written data for issue #12006 to data/issue_dataset.jsonl
2024-11-11 13:38:46,595 - INFO - Processing issue #12007
2024-11-11 13:38:46,595 - INFO - Searching for commits related to issue number: 12007
2024-11-11 13:38:46,637 - DEBUG - Found commit related to issue #12007: 998fee1679892f62cc9bd727e9e17911d746ed64
2024-11-11 13:38:47,529 - INFO - Total commits found for issue #12007: 1
2024-11-11 13:38:47,529 - INFO - Fetching description for issue #12007
2024-11-11 13:38:48,463 - DEBUG - Issue #12007 description fetched successfully.
2024-11-11 13:38:48,463 - INFO - First commit for issue #12007: 998fee1679892f62cc9bd727e9e17911d746ed64
2024-11-11 13:38:48,463 - INFO - Extracting codebase before commit: 998fee1679892f62cc9bd727e9e17911d746ed64
2024-11-11 13:38:48,496 - INFO - Extracted codebase before commit 998fee1679892f62cc9bd727e9e17911d746ed64
2024-11-11 13:38:50,362 - INFO - Getting files changed in commit: 998fee1679892f62cc9bd727e9e17911d746ed64
2024-11-11 13:38:50,369 - DEBUG - Files changed in commit 998fee1679892f62cc9bd727e9e17911d746ed64: {'src/_pytest/config/__init__.py': {'insertions': 10, 'deletions': 7, 'lines': 17}}
2024-11-11 13:38:50,369 - DEBUG - Written data for issue #12007 to data/issue_dataset.jsonl
2024-11-11 13:38:50,369 - INFO - Processing issue #12008
2024-11-11 13:38:50,370 - INFO - Searching for commits related to issue number: 12008
2024-11-11 13:38:50,380 - DEBUG - Found commit related to issue #12008: 6a3ac51ee2350d5072fdd082040e7cfa22331fc0
2024-11-11 13:38:51,319 - INFO - Total commits found for issue #12008: 1
2024-11-11 13:38:51,319 - INFO - Fetching description for issue #12008
2024-11-11 13:38:52,534 - DEBUG - Issue #12008 description fetched successfully.
2024-11-11 13:38:52,535 - INFO - First commit for issue #12008: 6a3ac51ee2350d5072fdd082040e7cfa22331fc0
2024-11-11 13:38:52,536 - INFO - Extracting codebase before commit: 6a3ac51ee2350d5072fdd082040e7cfa22331fc0
2024-11-11 13:38:52,577 - INFO - Extracted codebase before commit 6a3ac51ee2350d5072fdd082040e7cfa22331fc0
2024-11-11 13:38:54,509 - INFO - Getting files changed in commit: 6a3ac51ee2350d5072fdd082040e7cfa22331fc0
2024-11-11 13:38:54,516 - DEBUG - Files changed in commit 6a3ac51ee2350d5072fdd082040e7cfa22331fc0: {'changelog/12008.bugfix.rst': {'insertions': 1, 'deletions': 0, 'lines': 1}, 'src/_pytest/python.py': {'insertions': 10, 'deletions': 0, 'lines': 10}, 'testing/example_scripts/issue_519.py': {'insertions': 2, 'deletions': 2, 'lines': 4}, 'testing/python/metafunc.py': {'insertions': 3, 'deletions': 3, 'lines': 6}}
2024-11-11 13:38:54,516 - DEBUG - Written data for issue #12008 to data/issue_dataset.jsonl
2024-11-11 13:38:54,516 - INFO - Processing issue #12009
2024-11-11 13:38:54,517 - INFO - Searching for commits related to issue number: 12009
2024-11-11 13:38:55,439 - INFO - Total commits found for issue #12009: 0
2024-11-11 13:38:55,439 - WARNING - No commits found for issue #12009, skipping...
2024-11-11 13:38:55,439 - INFO - Processing issue #12010
2024-11-11 13:38:55,439 - INFO - Searching for commits related to issue number: 12010
2024-11-11 13:38:56,373 - INFO - Total commits found for issue #12010: 0
2024-11-11 13:38:56,373 - WARNING - No commits found for issue #12010, skipping...
2024-11-11 13:38:56,373 - INFO - Dataset successfully saved to 'data/issue_dataset.jsonl'
2024-11-11 13:38:56,373 - INFO - Issue Dataset Creation Script finished.
2024-11-11 16:50:32,060 - INFO - Starting Issue Dataset Creation Script.
2024-11-11 16:50:32,060 - INFO - Loading CodeBERT model and tokenizer...
2024-11-11 16:50:33,997 - INFO - CodeBERT model and tokenizer loaded successfully.
2024-11-11 16:50:33,997 - INFO - Loading Sentence-BERT model for issue description embeddings...
2024-11-11 16:50:41,644 - INFO - Sentence-BERT model loaded successfully.
2024-11-11 16:50:41,644 - INFO - Attempting to get repository at path: pytest
2024-11-11 16:50:41,665 - INFO - Successfully obtained repository: /home/hoka/code/compex/compex/pytest
2024-11-11 16:50:41,665 - INFO - Creating dataset for issues: [12000, 12001, 12002, 12003, 12004, 12005, 12006, 12007, 12008, 12009, 12010]
2024-11-11 16:50:41,666 - INFO - Processing issue #12000
2024-11-11 16:50:41,666 - INFO - Searching for commits related to issue number: 12000
2024-11-11 16:50:41,712 - DEBUG - Found commit related to issue #12000: cefb3e2277b6ea24acc7b1088f80ef0f9e9f3858
2024-11-11 16:50:42,619 - INFO - Total commits found for issue #12000: 1
2024-11-11 16:50:42,619 - INFO - Fetching description for issue #12000
2024-11-11 16:50:43,553 - DEBUG - Issue #12000 description fetched successfully.
2024-11-11 16:50:44,750 - INFO - First commit for issue #12000: cefb3e2277b6ea24acc7b1088f80ef0f9e9f3858
2024-11-11 16:50:44,750 - INFO - Extracting codebase before commit: cefb3e2277b6ea24acc7b1088f80ef0f9e9f3858
2024-11-11 16:50:44,802 - INFO - Extracted codebase before commit cefb3e2277b6ea24acc7b1088f80ef0f9e9f3858
2024-11-11 16:50:46,932 - INFO - Getting files changed in commit: cefb3e2277b6ea24acc7b1088f80ef0f9e9f3858
2024-11-11 16:50:46,938 - DEBUG - Files changed in commit cefb3e2277b6ea24acc7b1088f80ef0f9e9f3858: {'doc/en/requirements.txt': {'insertions': 2, 'deletions': 1, 'lines': 3}}
2024-11-11 16:50:46,939 - DEBUG - Written data for issue #12000 to data/issue_dataset.jsonl
2024-11-11 16:50:46,939 - INFO - Processing issue #12001
2024-11-11 16:50:46,939 - INFO - Searching for commits related to issue number: 12001
2024-11-11 16:50:47,945 - INFO - Total commits found for issue #12001: 0
2024-11-11 16:50:47,945 - WARNING - No commits found for issue #12001, skipping...
2024-11-11 16:50:47,945 - INFO - Processing issue #12002
2024-11-11 16:50:47,945 - INFO - Searching for commits related to issue number: 12002
2024-11-11 16:50:47,989 - DEBUG - Found commit related to issue #12002: 40011b838b67691c76302f3cd8d18862f37b9370
2024-11-11 16:50:48,957 - INFO - Total commits found for issue #12002: 1
2024-11-11 16:50:48,958 - INFO - Fetching description for issue #12002
2024-11-11 16:50:49,983 - DEBUG - Issue #12002 description fetched successfully.
2024-11-11 16:50:50,000 - INFO - First commit for issue #12002: 40011b838b67691c76302f3cd8d18862f37b9370
2024-11-11 16:50:50,000 - INFO - Extracting codebase before commit: 40011b838b67691c76302f3cd8d18862f37b9370
2024-11-11 16:50:50,030 - INFO - Extracted codebase before commit 40011b838b67691c76302f3cd8d18862f37b9370
2024-11-11 16:50:51,975 - INFO - Getting files changed in commit: 40011b838b67691c76302f3cd8d18862f37b9370
2024-11-11 16:50:51,980 - DEBUG - Files changed in commit 40011b838b67691c76302f3cd8d18862f37b9370: {'doc/en/_templates/slim_searchbox.html': {'insertions': 2, 'deletions': 3, 'lines': 5}, 'doc/en/requirements.txt': {'insertions': 1, 'deletions': 2, 'lines': 3}}
2024-11-11 16:50:51,981 - DEBUG - Written data for issue #12002 to data/issue_dataset.jsonl
2024-11-11 16:50:51,981 - INFO - Processing issue #12003
2024-11-11 16:50:51,981 - INFO - Searching for commits related to issue number: 12003
2024-11-11 16:50:52,025 - DEBUG - Found commit related to issue #12003: b37696703b356380339aadf9d4e4b80450fb394c
2024-11-11 16:50:52,993 - INFO - Total commits found for issue #12003: 1
2024-11-11 16:50:52,993 - INFO - Fetching description for issue #12003
2024-11-11 16:50:54,038 - DEBUG - Issue #12003 description fetched successfully.
2024-11-11 16:50:54,054 - INFO - First commit for issue #12003: b37696703b356380339aadf9d4e4b80450fb394c
2024-11-11 16:50:54,054 - INFO - Extracting codebase before commit: b37696703b356380339aadf9d4e4b80450fb394c
2024-11-11 16:50:54,086 - INFO - Extracted codebase before commit b37696703b356380339aadf9d4e4b80450fb394c
2024-11-11 16:50:56,026 - INFO - Getting files changed in commit: b37696703b356380339aadf9d4e4b80450fb394c
2024-11-11 16:50:56,037 - DEBUG - Files changed in commit b37696703b356380339aadf9d4e4b80450fb394c: {'doc/en/reference/plugin_list.rst': {'insertions': 312, 'deletions': 96, 'lines': 408}}
2024-11-11 16:50:56,038 - DEBUG - Written data for issue #12003 to data/issue_dataset.jsonl
2024-11-11 16:50:56,038 - INFO - Processing issue #12004
2024-11-11 16:50:56,038 - INFO - Searching for commits related to issue number: 12004
2024-11-11 16:50:56,988 - INFO - Total commits found for issue #12004: 0
2024-11-11 16:50:56,989 - WARNING - No commits found for issue #12004, skipping...
2024-11-11 16:50:56,989 - INFO - Processing issue #12005
2024-11-11 16:50:56,989 - INFO - Searching for commits related to issue number: 12005
2024-11-11 16:50:57,968 - INFO - Total commits found for issue #12005: 0
2024-11-11 16:50:57,968 - WARNING - No commits found for issue #12005, skipping...
2024-11-11 16:50:57,968 - INFO - Processing issue #12006
2024-11-11 16:50:57,968 - INFO - Searching for commits related to issue number: 12006
2024-11-11 16:50:58,009 - DEBUG - Found commit related to issue #12006: 998fee1679892f62cc9bd727e9e17911d746ed64
2024-11-11 16:50:58,933 - INFO - Total commits found for issue #12006: 1
2024-11-11 16:50:58,933 - INFO - Fetching description for issue #12006
2024-11-11 16:50:59,981 - DEBUG - Issue #12006 description fetched successfully.
2024-11-11 16:51:00,002 - INFO - First commit for issue #12006: 998fee1679892f62cc9bd727e9e17911d746ed64
2024-11-11 16:51:00,002 - INFO - Extracting codebase before commit: 998fee1679892f62cc9bd727e9e17911d746ed64
2024-11-11 16:51:00,035 - INFO - Extracted codebase before commit 998fee1679892f62cc9bd727e9e17911d746ed64
2024-11-11 16:51:01,977 - INFO - Getting files changed in commit: 998fee1679892f62cc9bd727e9e17911d746ed64
2024-11-11 16:51:01,983 - DEBUG - Files changed in commit 998fee1679892f62cc9bd727e9e17911d746ed64: {'src/_pytest/config/__init__.py': {'insertions': 10, 'deletions': 7, 'lines': 17}}
2024-11-11 16:51:01,984 - DEBUG - Written data for issue #12006 to data/issue_dataset.jsonl
2024-11-11 16:51:01,984 - INFO - Processing issue #12007
2024-11-11 16:51:01,984 - INFO - Searching for commits related to issue number: 12007
2024-11-11 16:51:02,027 - DEBUG - Found commit related to issue #12007: 998fee1679892f62cc9bd727e9e17911d746ed64
2024-11-11 16:51:02,952 - INFO - Total commits found for issue #12007: 1
2024-11-11 16:51:02,952 - INFO - Fetching description for issue #12007
2024-11-11 16:51:03,922 - DEBUG - Issue #12007 description fetched successfully.
2024-11-11 16:51:03,938 - INFO - First commit for issue #12007: 998fee1679892f62cc9bd727e9e17911d746ed64
2024-11-11 16:51:03,939 - INFO - Extracting codebase before commit: 998fee1679892f62cc9bd727e9e17911d746ed64
2024-11-11 16:51:03,970 - INFO - Extracted codebase before commit 998fee1679892f62cc9bd727e9e17911d746ed64
2024-11-11 16:51:05,896 - INFO - Getting files changed in commit: 998fee1679892f62cc9bd727e9e17911d746ed64
2024-11-11 16:51:05,902 - DEBUG - Files changed in commit 998fee1679892f62cc9bd727e9e17911d746ed64: {'src/_pytest/config/__init__.py': {'insertions': 10, 'deletions': 7, 'lines': 17}}
2024-11-11 16:51:05,903 - DEBUG - Written data for issue #12007 to data/issue_dataset.jsonl
2024-11-11 16:51:05,903 - INFO - Processing issue #12008
2024-11-11 16:51:05,903 - INFO - Searching for commits related to issue number: 12008
2024-11-11 16:51:05,912 - DEBUG - Found commit related to issue #12008: 6a3ac51ee2350d5072fdd082040e7cfa22331fc0
2024-11-11 16:51:06,851 - INFO - Total commits found for issue #12008: 1
2024-11-11 16:51:06,851 - INFO - Fetching description for issue #12008
2024-11-11 16:51:07,839 - DEBUG - Issue #12008 description fetched successfully.
2024-11-11 16:51:07,866 - INFO - First commit for issue #12008: 6a3ac51ee2350d5072fdd082040e7cfa22331fc0
2024-11-11 16:51:07,866 - INFO - Extracting codebase before commit: 6a3ac51ee2350d5072fdd082040e7cfa22331fc0
2024-11-11 16:51:07,907 - INFO - Extracted codebase before commit 6a3ac51ee2350d5072fdd082040e7cfa22331fc0
2024-11-11 16:51:09,869 - INFO - Getting files changed in commit: 6a3ac51ee2350d5072fdd082040e7cfa22331fc0
2024-11-11 16:51:09,878 - DEBUG - Files changed in commit 6a3ac51ee2350d5072fdd082040e7cfa22331fc0: {'changelog/12008.bugfix.rst': {'insertions': 1, 'deletions': 0, 'lines': 1}, 'src/_pytest/python.py': {'insertions': 10, 'deletions': 0, 'lines': 10}, 'testing/example_scripts/issue_519.py': {'insertions': 2, 'deletions': 2, 'lines': 4}, 'testing/python/metafunc.py': {'insertions': 3, 'deletions': 3, 'lines': 6}}
2024-11-11 16:51:09,878 - DEBUG - Written data for issue #12008 to data/issue_dataset.jsonl
2024-11-11 16:51:09,878 - INFO - Processing issue #12009
2024-11-11 16:51:09,878 - INFO - Searching for commits related to issue number: 12009
2024-11-11 16:51:10,845 - INFO - Total commits found for issue #12009: 0
2024-11-11 16:51:10,845 - WARNING - No commits found for issue #12009, skipping...
2024-11-11 16:51:10,845 - INFO - Processing issue #12010
2024-11-11 16:51:10,846 - INFO - Searching for commits related to issue number: 12010
2024-11-11 16:51:11,789 - INFO - Total commits found for issue #12010: 0
2024-11-11 16:51:11,789 - WARNING - No commits found for issue #12010, skipping...
2024-11-11 16:51:11,789 - INFO - Dataset successfully saved to 'data/issue_dataset.jsonl'
2024-11-11 16:51:11,789 - INFO - Issue Dataset Creation Script finished.
2024-11-11 18:59:03,077 - INFO - Starting Issue Dataset Creation Script.
2024-11-11 18:59:03,077 - INFO - Loading CodeBERT model and tokenizer...
2024-11-11 18:59:04,876 - INFO - CodeBERT model and tokenizer loaded successfully.
2024-11-11 18:59:04,876 - INFO - Loading Sentence-BERT model for issue description embeddings...
2024-11-11 18:59:10,079 - INFO - Sentence-BERT model loaded successfully.
2024-11-11 18:59:10,079 - INFO - Attempting to get repository at path: pytest
2024-11-11 18:59:10,101 - INFO - Successfully obtained repository: /home/hoka/code/compex/compex/pytest
2024-11-11 18:59:10,101 - INFO - Creating dataset for issues: [12000, 12001, 12002, 12003, 12004, 12005, 12006, 12007, 12008, 12009, 12010]
2024-11-11 18:59:10,101 - INFO - Processing issue #12000
2024-11-11 18:59:10,101 - INFO - Searching for commits related to issue number: 12000
2024-11-11 18:59:10,146 - DEBUG - Found commit related to issue #12000: cefb3e2277b6ea24acc7b1088f80ef0f9e9f3858
2024-11-11 18:59:11,044 - INFO - Total commits found for issue #12000: 1
2024-11-11 18:59:11,044 - INFO - Fetching description for issue #12000
2024-11-11 18:59:12,031 - DEBUG - Issue #12000 description fetched successfully.
2024-11-11 18:59:13,051 - INFO - First commit for issue #12000: cefb3e2277b6ea24acc7b1088f80ef0f9e9f3858
2024-11-11 18:59:13,051 - INFO - Extracting codebase before commit: cefb3e2277b6ea24acc7b1088f80ef0f9e9f3858
2024-11-11 18:59:13,111 - INFO - Extracted codebase before commit cefb3e2277b6ea24acc7b1088f80ef0f9e9f3858
2024-11-11 18:59:15,233 - INFO - Getting files changed in commit: cefb3e2277b6ea24acc7b1088f80ef0f9e9f3858
2024-11-11 18:59:15,239 - DEBUG - Files changed in commit cefb3e2277b6ea24acc7b1088f80ef0f9e9f3858: {'doc/en/requirements.txt': {'insertions': 2, 'deletions': 1, 'lines': 3}}
2024-11-11 18:59:15,239 - INFO - Calculating code metrics for issue #12000
2024-11-11 18:59:20,661 - DEBUG - Written data for issue #12000 to data/issue_dataset.jsonl
2024-11-11 18:59:20,662 - INFO - Processing issue #12001
2024-11-11 18:59:20,662 - INFO - Searching for commits related to issue number: 12001
2024-11-11 18:59:21,609 - INFO - Total commits found for issue #12001: 0
2024-11-11 18:59:21,610 - WARNING - No commits found for issue #12001, skipping...
2024-11-11 18:59:21,610 - INFO - Processing issue #12002
2024-11-11 18:59:21,610 - INFO - Searching for commits related to issue number: 12002
2024-11-11 18:59:21,653 - DEBUG - Found commit related to issue #12002: 40011b838b67691c76302f3cd8d18862f37b9370
2024-11-11 18:59:22,551 - INFO - Total commits found for issue #12002: 1
2024-11-11 18:59:22,551 - INFO - Fetching description for issue #12002
2024-11-11 18:59:23,453 - DEBUG - Issue #12002 description fetched successfully.
2024-11-11 18:59:23,469 - INFO - First commit for issue #12002: 40011b838b67691c76302f3cd8d18862f37b9370
2024-11-11 18:59:23,469 - INFO - Extracting codebase before commit: 40011b838b67691c76302f3cd8d18862f37b9370
2024-11-11 18:59:23,499 - INFO - Extracted codebase before commit 40011b838b67691c76302f3cd8d18862f37b9370
2024-11-11 18:59:25,416 - INFO - Getting files changed in commit: 40011b838b67691c76302f3cd8d18862f37b9370
2024-11-11 18:59:25,422 - DEBUG - Files changed in commit 40011b838b67691c76302f3cd8d18862f37b9370: {'doc/en/_templates/slim_searchbox.html': {'insertions': 2, 'deletions': 3, 'lines': 5}, 'doc/en/requirements.txt': {'insertions': 1, 'deletions': 2, 'lines': 3}}
2024-11-11 18:59:25,422 - INFO - Calculating code metrics for issue #12002
2024-11-11 18:59:30,797 - DEBUG - Written data for issue #12002 to data/issue_dataset.jsonl
2024-11-11 18:59:30,797 - INFO - Processing issue #12003
2024-11-11 18:59:30,798 - INFO - Searching for commits related to issue number: 12003
2024-11-11 18:59:30,838 - DEBUG - Found commit related to issue #12003: b37696703b356380339aadf9d4e4b80450fb394c
2024-11-11 18:59:31,757 - INFO - Total commits found for issue #12003: 1
2024-11-11 18:59:31,757 - INFO - Fetching description for issue #12003
2024-11-11 18:59:32,853 - DEBUG - Issue #12003 description fetched successfully.
2024-11-11 18:59:32,870 - INFO - First commit for issue #12003: b37696703b356380339aadf9d4e4b80450fb394c
2024-11-11 18:59:32,870 - INFO - Extracting codebase before commit: b37696703b356380339aadf9d4e4b80450fb394c
2024-11-11 18:59:32,916 - INFO - Extracted codebase before commit b37696703b356380339aadf9d4e4b80450fb394c
2024-11-11 18:59:34,917 - INFO - Getting files changed in commit: b37696703b356380339aadf9d4e4b80450fb394c
2024-11-11 18:59:34,928 - DEBUG - Files changed in commit b37696703b356380339aadf9d4e4b80450fb394c: {'doc/en/reference/plugin_list.rst': {'insertions': 312, 'deletions': 96, 'lines': 408}}
2024-11-11 18:59:34,928 - INFO - Calculating code metrics for issue #12003
2024-11-11 18:59:40,234 - DEBUG - Written data for issue #12003 to data/issue_dataset.jsonl
2024-11-11 18:59:40,234 - INFO - Processing issue #12004
2024-11-11 18:59:40,234 - INFO - Searching for commits related to issue number: 12004
2024-11-11 18:59:41,194 - INFO - Total commits found for issue #12004: 0
2024-11-11 18:59:41,194 - WARNING - No commits found for issue #12004, skipping...
2024-11-11 18:59:41,194 - INFO - Processing issue #12005
2024-11-11 18:59:41,194 - INFO - Searching for commits related to issue number: 12005
2024-11-11 18:59:42,144 - INFO - Total commits found for issue #12005: 0
2024-11-11 18:59:42,144 - WARNING - No commits found for issue #12005, skipping...
2024-11-11 18:59:42,144 - INFO - Processing issue #12006
2024-11-11 18:59:42,144 - INFO - Searching for commits related to issue number: 12006
2024-11-11 18:59:42,184 - DEBUG - Found commit related to issue #12006: 998fee1679892f62cc9bd727e9e17911d746ed64
2024-11-11 18:59:43,088 - INFO - Total commits found for issue #12006: 1
2024-11-11 18:59:43,088 - INFO - Fetching description for issue #12006
2024-11-11 18:59:44,030 - DEBUG - Issue #12006 description fetched successfully.
2024-11-11 18:59:44,051 - INFO - First commit for issue #12006: 998fee1679892f62cc9bd727e9e17911d746ed64
2024-11-11 18:59:44,051 - INFO - Extracting codebase before commit: 998fee1679892f62cc9bd727e9e17911d746ed64
2024-11-11 18:59:44,080 - INFO - Extracted codebase before commit 998fee1679892f62cc9bd727e9e17911d746ed64
2024-11-11 18:59:45,959 - INFO - Getting files changed in commit: 998fee1679892f62cc9bd727e9e17911d746ed64
2024-11-11 18:59:45,964 - DEBUG - Files changed in commit 998fee1679892f62cc9bd727e9e17911d746ed64: {'src/_pytest/config/__init__.py': {'insertions': 10, 'deletions': 7, 'lines': 17}}
2024-11-11 18:59:45,965 - INFO - Calculating code metrics for issue #12006
2024-11-11 18:59:51,355 - DEBUG - Written data for issue #12006 to data/issue_dataset.jsonl
2024-11-11 18:59:51,355 - INFO - Processing issue #12007
2024-11-11 18:59:51,355 - INFO - Searching for commits related to issue number: 12007
2024-11-11 18:59:51,398 - DEBUG - Found commit related to issue #12007: 998fee1679892f62cc9bd727e9e17911d746ed64
2024-11-11 18:59:52,293 - INFO - Total commits found for issue #12007: 1
2024-11-11 18:59:52,293 - INFO - Fetching description for issue #12007
2024-11-11 18:59:53,237 - DEBUG - Issue #12007 description fetched successfully.
2024-11-11 18:59:53,256 - INFO - First commit for issue #12007: 998fee1679892f62cc9bd727e9e17911d746ed64
2024-11-11 18:59:53,256 - INFO - Extracting codebase before commit: 998fee1679892f62cc9bd727e9e17911d746ed64
2024-11-11 18:59:53,285 - INFO - Extracted codebase before commit 998fee1679892f62cc9bd727e9e17911d746ed64
2024-11-11 18:59:55,179 - INFO - Getting files changed in commit: 998fee1679892f62cc9bd727e9e17911d746ed64
2024-11-11 18:59:55,184 - DEBUG - Files changed in commit 998fee1679892f62cc9bd727e9e17911d746ed64: {'src/_pytest/config/__init__.py': {'insertions': 10, 'deletions': 7, 'lines': 17}}
2024-11-11 18:59:55,185 - INFO - Calculating code metrics for issue #12007
2024-11-11 19:00:00,566 - DEBUG - Written data for issue #12007 to data/issue_dataset.jsonl
2024-11-11 19:00:00,566 - INFO - Processing issue #12008
2024-11-11 19:00:00,566 - INFO - Searching for commits related to issue number: 12008
2024-11-11 19:00:00,577 - DEBUG - Found commit related to issue #12008: 6a3ac51ee2350d5072fdd082040e7cfa22331fc0
2024-11-11 19:00:01,520 - INFO - Total commits found for issue #12008: 1
2024-11-11 19:00:01,520 - INFO - Fetching description for issue #12008
2024-11-11 19:00:02,522 - DEBUG - Issue #12008 description fetched successfully.
2024-11-11 19:00:02,551 - INFO - First commit for issue #12008: 6a3ac51ee2350d5072fdd082040e7cfa22331fc0
2024-11-11 19:00:02,551 - INFO - Extracting codebase before commit: 6a3ac51ee2350d5072fdd082040e7cfa22331fc0
2024-11-11 19:00:02,586 - INFO - Extracted codebase before commit 6a3ac51ee2350d5072fdd082040e7cfa22331fc0
2024-11-11 19:00:04,601 - INFO - Getting files changed in commit: 6a3ac51ee2350d5072fdd082040e7cfa22331fc0
2024-11-11 19:00:04,610 - DEBUG - Files changed in commit 6a3ac51ee2350d5072fdd082040e7cfa22331fc0: {'changelog/12008.bugfix.rst': {'insertions': 1, 'deletions': 0, 'lines': 1}, 'src/_pytest/python.py': {'insertions': 10, 'deletions': 0, 'lines': 10}, 'testing/example_scripts/issue_519.py': {'insertions': 2, 'deletions': 2, 'lines': 4}, 'testing/python/metafunc.py': {'insertions': 3, 'deletions': 3, 'lines': 6}}
2024-11-11 19:00:04,610 - INFO - Calculating code metrics for issue #12008
2024-11-11 19:00:09,979 - DEBUG - Written data for issue #12008 to data/issue_dataset.jsonl
2024-11-11 19:00:09,979 - INFO - Processing issue #12009
2024-11-11 19:00:09,979 - INFO - Searching for commits related to issue number: 12009
2024-11-11 19:00:10,960 - INFO - Total commits found for issue #12009: 0
2024-11-11 19:00:10,960 - WARNING - No commits found for issue #12009, skipping...
2024-11-11 19:00:10,960 - INFO - Processing issue #12010
2024-11-11 19:00:10,960 - INFO - Searching for commits related to issue number: 12010
2024-11-11 19:00:11,896 - INFO - Total commits found for issue #12010: 0
2024-11-11 19:00:11,896 - WARNING - No commits found for issue #12010, skipping...
2024-11-11 19:00:11,896 - INFO - Dataset successfully saved to 'data/issue_dataset.jsonl'
2024-11-11 19:00:11,897 - INFO - Issue Dataset Creation Script finished.
2024-11-30 18:32:53,927 - INFO - Starting Issue Dataset Creation Script.
2024-11-30 18:32:53,927 - INFO - Loading CodeBERT model and tokenizer...
2024-11-30 18:35:23,664 - INFO - CodeBERT model and tokenizer loaded successfully.
2024-11-30 18:35:23,665 - INFO - Loading Sentence-BERT model for issue description embeddings...
2024-11-30 18:35:23,665 - ERROR - Error loading Sentence-BERT model: name 'load_sentencebert_model' is not defined
2024-11-30 18:36:26,806 - INFO - Starting Issue Dataset Creation Script.
2024-11-30 18:36:26,806 - INFO - Loading CodeBERT model and tokenizer...
2024-11-30 18:36:32,068 - INFO - CodeBERT model and tokenizer loaded successfully.
2024-11-30 18:36:32,069 - INFO - Attempting to get repository at path: pytest
2024-11-30 18:36:32,080 - ERROR - Invalid Git repository at path: pytest
2024-11-30 18:36:53,457 - INFO - Starting Issue Dataset Creation Script.
2024-11-30 18:36:53,458 - INFO - Loading CodeBERT model and tokenizer...
2024-11-30 18:36:58,295 - INFO - CodeBERT model and tokenizer loaded successfully.
2024-11-30 18:36:58,296 - INFO - Attempting to get repository at path: pytest
2024-11-30 18:36:58,300 - ERROR - Invalid Git repository at path: pytest
2024-11-30 18:37:14,939 - INFO - Starting Issue Dataset Creation Script.
2024-11-30 18:37:14,940 - INFO - Loading CodeBERT model and tokenizer...
2024-11-30 18:37:20,326 - INFO - CodeBERT model and tokenizer loaded successfully.
2024-11-30 18:37:20,326 - INFO - Attempting to get repository at path: pytest.git
2024-11-30 18:37:20,330 - ERROR - Unexpected error accessing repository: /home/amir/Desktop/Work/Compex/pytest.git
2024-12-02 12:22:23,803 - INFO - Starting Issue Dataset Creation Script.
2024-12-02 12:22:23,804 - INFO - Loading CodeBERT model and tokenizer...
2024-12-02 12:22:33,186 - INFO - CodeBERT model and tokenizer loaded successfully.
2024-12-02 12:22:33,186 - INFO - Attempting to get repository at path: pytest-dev
2024-12-02 12:22:33,188 - ERROR - Unexpected error accessing repository: /home/amir/Desktop/Work/Compex/pytest-dev
2024-12-02 12:24:03,093 - INFO - Starting Issue Dataset Creation Script.
2024-12-02 12:24:03,093 - INFO - Loading CodeBERT model and tokenizer...
2024-12-02 12:24:08,425 - INFO - CodeBERT model and tokenizer loaded successfully.
2024-12-02 12:24:08,425 - INFO - Attempting to get repository at path: https://github.com/pytest-dev/pytest.git
2024-12-02 12:24:08,427 - ERROR - Unexpected error accessing repository: /home/amir/Desktop/Work/Compex/https:/github.com/pytest-dev/pytest.git
2024-12-02 12:25:39,196 - INFO - Starting Issue Dataset Creation Script.
2024-12-02 12:25:39,196 - INFO - Loading CodeBERT model and tokenizer...
2024-12-02 12:25:42,426 - INFO - CodeBERT model and tokenizer loaded successfully.
2024-12-02 12:25:42,426 - INFO - Attempting to get repository at path: https://github.com/pytest-dev/pytest.git
2024-12-02 12:25:42,429 - ERROR - Unexpected error accessing repository: /home/amir/Desktop/Work/Compex/https:/github.com/pytest-dev/pytest.git
2024-12-02 12:29:48,901 - INFO - Starting Issue Dataset Creation Script.
2024-12-02 12:29:48,903 - INFO - Loading CodeBERT model and tokenizer...
2024-12-02 12:29:55,564 - INFO - CodeBERT model and tokenizer loaded successfully.
2024-12-02 12:29:55,565 - INFO - Attempting to get repository at path: _globals.py
2024-12-02 12:29:55,569 - ERROR - Invalid Git repository at path: _globals.py
2024-12-02 12:36:42,088 - INFO - Starting Issue Dataset Creation Script.
2024-12-02 12:36:42,088 - INFO - Loading CodeBERT model and tokenizer...
2024-12-02 12:36:50,661 - INFO - CodeBERT model and tokenizer loaded successfully.
2024-12-02 12:36:50,662 - INFO - Attempting to get repository at path: .
2024-12-02 12:36:50,673 - INFO - Successfully obtained repository: /home/amir/Desktop/Work/Compex
2024-12-02 12:36:50,673 - INFO - Creating dataset for issues: [1000, 1001, 1002, 1003, 1004, 1005, 1006, 1007, 1008, 1009, 1010, 1011, 1012, 1013, 1014, 1015, 1016, 1017, 1018, 1019, 1020, 1021, 1022, 1023, 1024, 1025, 1026, 1027, 1028, 1029, 1030, 1031, 1032, 1033, 1034, 1035, 1036, 1037, 1038, 1039, 1040, 1041, 1042, 1043, 1044, 1045, 1046, 1047, 1048, 1049, 1050, 1051, 1052, 1053, 1054, 1055, 1056, 1057, 1058, 1059, 1060, 1061, 1062, 1063, 1064, 1065, 1066, 1067, 1068, 1069, 1070, 1071, 1072, 1073, 1074, 1075, 1076, 1077, 1078, 1079, 1080, 1081, 1082, 1083, 1084, 1085, 1086, 1087, 1088, 1089, 1090, 1091, 1092, 1093, 1094, 1095, 1096, 1097, 1098, 1099, 1100]
2024-12-02 12:36:50,675 - INFO - Processing issue #1000
2024-12-02 12:36:50,675 - INFO - Searching for commits related to issue number: 1000
2024-12-02 12:36:50,686 - INFO - Total commits found for issue #1000: 0
2024-12-02 12:36:50,686 - WARNING - No commits found for issue #1000, skipping...
2024-12-02 12:36:50,686 - INFO - Processing issue #1001
2024-12-02 12:36:50,686 - INFO - Searching for commits related to issue number: 1001
2024-12-02 12:36:50,690 - INFO - Total commits found for issue #1001: 0
2024-12-02 12:36:50,690 - WARNING - No commits found for issue #1001, skipping...
2024-12-02 12:36:50,690 - INFO - Processing issue #1002
2024-12-02 12:36:50,690 - INFO - Searching for commits related to issue number: 1002
2024-12-02 12:36:50,694 - INFO - Total commits found for issue #1002: 0
2024-12-02 12:36:50,695 - WARNING - No commits found for issue #1002, skipping...
2024-12-02 12:36:50,695 - INFO - Processing issue #1003
2024-12-02 12:36:50,695 - INFO - Searching for commits related to issue number: 1003
2024-12-02 12:36:50,699 - INFO - Total commits found for issue #1003: 0
2024-12-02 12:36:50,700 - WARNING - No commits found for issue #1003, skipping...
2024-12-02 12:36:50,700 - INFO - Processing issue #1004
2024-12-02 12:36:50,700 - INFO - Searching for commits related to issue number: 1004
2024-12-02 12:36:50,704 - INFO - Total commits found for issue #1004: 0
2024-12-02 12:36:50,705 - WARNING - No commits found for issue #1004, skipping...
2024-12-02 12:36:50,705 - INFO - Processing issue #1005
2024-12-02 12:36:50,705 - INFO - Searching for commits related to issue number: 1005
2024-12-02 12:36:50,710 - INFO - Total commits found for issue #1005: 0
2024-12-02 12:36:50,710 - WARNING - No commits found for issue #1005, skipping...
2024-12-02 12:36:50,710 - INFO - Processing issue #1006
2024-12-02 12:36:50,710 - INFO - Searching for commits related to issue number: 1006
2024-12-02 12:36:50,716 - INFO - Total commits found for issue #1006: 0
2024-12-02 12:36:50,716 - WARNING - No commits found for issue #1006, skipping...
2024-12-02 12:36:50,716 - INFO - Processing issue #1007
2024-12-02 12:36:50,717 - INFO - Searching for commits related to issue number: 1007
2024-12-02 12:36:50,722 - INFO - Total commits found for issue #1007: 0
2024-12-02 12:36:50,722 - WARNING - No commits found for issue #1007, skipping...
2024-12-02 12:36:50,722 - INFO - Processing issue #1008
2024-12-02 12:36:50,722 - INFO - Searching for commits related to issue number: 1008
2024-12-02 12:36:50,727 - INFO - Total commits found for issue #1008: 0
2024-12-02 12:36:50,727 - WARNING - No commits found for issue #1008, skipping...
2024-12-02 12:36:50,727 - INFO - Processing issue #1009
2024-12-02 12:36:50,727 - INFO - Searching for commits related to issue number: 1009
2024-12-02 12:36:50,732 - INFO - Total commits found for issue #1009: 0
2024-12-02 12:36:50,732 - WARNING - No commits found for issue #1009, skipping...
2024-12-02 12:36:50,732 - INFO - Processing issue #1010
2024-12-02 12:36:50,733 - INFO - Searching for commits related to issue number: 1010
2024-12-02 12:36:50,737 - INFO - Total commits found for issue #1010: 0
2024-12-02 12:36:50,737 - WARNING - No commits found for issue #1010, skipping...
2024-12-02 12:36:50,737 - INFO - Processing issue #1011
2024-12-02 12:36:50,737 - INFO - Searching for commits related to issue number: 1011
2024-12-02 12:36:50,741 - INFO - Total commits found for issue #1011: 0
2024-12-02 12:36:50,742 - WARNING - No commits found for issue #1011, skipping...
2024-12-02 12:36:50,742 - INFO - Processing issue #1012
2024-12-02 12:36:50,742 - INFO - Searching for commits related to issue number: 1012
2024-12-02 12:36:50,746 - INFO - Total commits found for issue #1012: 0
2024-12-02 12:36:50,747 - WARNING - No commits found for issue #1012, skipping...
2024-12-02 12:36:50,747 - INFO - Processing issue #1013
2024-12-02 12:36:50,747 - INFO - Searching for commits related to issue number: 1013
2024-12-02 12:36:50,751 - INFO - Total commits found for issue #1013: 0
2024-12-02 12:36:50,751 - WARNING - No commits found for issue #1013, skipping...
2024-12-02 12:36:50,751 - INFO - Processing issue #1014
2024-12-02 12:36:50,752 - INFO - Searching for commits related to issue number: 1014
2024-12-02 12:36:50,755 - INFO - Total commits found for issue #1014: 0
2024-12-02 12:36:50,755 - WARNING - No commits found for issue #1014, skipping...
2024-12-02 12:36:50,755 - INFO - Processing issue #1015
2024-12-02 12:36:50,755 - INFO - Searching for commits related to issue number: 1015
2024-12-02 12:36:50,759 - INFO - Total commits found for issue #1015: 0
2024-12-02 12:36:50,760 - WARNING - No commits found for issue #1015, skipping...
2024-12-02 12:36:50,760 - INFO - Processing issue #1016
2024-12-02 12:36:50,760 - INFO - Searching for commits related to issue number: 1016
2024-12-02 12:36:50,765 - INFO - Total commits found for issue #1016: 0
2024-12-02 12:36:50,765 - WARNING - No commits found for issue #1016, skipping...
2024-12-02 12:36:50,765 - INFO - Processing issue #1017
2024-12-02 12:36:50,765 - INFO - Searching for commits related to issue number: 1017
2024-12-02 12:36:50,770 - INFO - Total commits found for issue #1017: 0
2024-12-02 12:36:50,771 - WARNING - No commits found for issue #1017, skipping...
2024-12-02 12:36:50,771 - INFO - Processing issue #1018
2024-12-02 12:36:50,771 - INFO - Searching for commits related to issue number: 1018
2024-12-02 12:36:50,776 - INFO - Total commits found for issue #1018: 0
2024-12-02 12:36:50,777 - WARNING - No commits found for issue #1018, skipping...
2024-12-02 12:36:50,778 - INFO - Processing issue #1019
2024-12-02 12:36:50,780 - INFO - Searching for commits related to issue number: 1019
2024-12-02 12:36:50,785 - INFO - Total commits found for issue #1019: 0
2024-12-02 12:36:50,785 - WARNING - No commits found for issue #1019, skipping...
2024-12-02 12:36:50,785 - INFO - Processing issue #1020
2024-12-02 12:36:50,786 - INFO - Searching for commits related to issue number: 1020
2024-12-02 12:36:50,791 - INFO - Total commits found for issue #1020: 0
2024-12-02 12:36:50,791 - WARNING - No commits found for issue #1020, skipping...
2024-12-02 12:36:50,792 - INFO - Processing issue #1021
2024-12-02 12:36:50,792 - INFO - Searching for commits related to issue number: 1021
2024-12-02 12:36:50,797 - INFO - Total commits found for issue #1021: 0
2024-12-02 12:36:50,798 - WARNING - No commits found for issue #1021, skipping...
2024-12-02 12:36:50,798 - INFO - Processing issue #1022
2024-12-02 12:36:50,798 - INFO - Searching for commits related to issue number: 1022
2024-12-02 12:36:50,804 - INFO - Total commits found for issue #1022: 0
2024-12-02 12:36:50,804 - WARNING - No commits found for issue #1022, skipping...
2024-12-02 12:36:50,805 - INFO - Processing issue #1023
2024-12-02 12:36:50,805 - INFO - Searching for commits related to issue number: 1023
2024-12-02 12:36:50,811 - INFO - Total commits found for issue #1023: 0
2024-12-02 12:36:50,811 - WARNING - No commits found for issue #1023, skipping...
2024-12-02 12:36:50,812 - INFO - Processing issue #1024
2024-12-02 12:36:50,812 - INFO - Searching for commits related to issue number: 1024
2024-12-02 12:36:50,818 - INFO - Total commits found for issue #1024: 0
2024-12-02 12:36:50,818 - WARNING - No commits found for issue #1024, skipping...
2024-12-02 12:36:50,818 - INFO - Processing issue #1025
2024-12-02 12:36:50,819 - INFO - Searching for commits related to issue number: 1025
2024-12-02 12:36:50,824 - INFO - Total commits found for issue #1025: 0
2024-12-02 12:36:50,824 - WARNING - No commits found for issue #1025, skipping...
2024-12-02 12:36:50,824 - INFO - Processing issue #1026
2024-12-02 12:36:50,825 - INFO - Searching for commits related to issue number: 1026
2024-12-02 12:36:50,830 - INFO - Total commits found for issue #1026: 0
2024-12-02 12:36:50,830 - WARNING - No commits found for issue #1026, skipping...
2024-12-02 12:36:50,831 - INFO - Processing issue #1027
2024-12-02 12:36:50,831 - INFO - Searching for commits related to issue number: 1027
2024-12-02 12:36:50,849 - INFO - Total commits found for issue #1027: 0
2024-12-02 12:36:50,853 - WARNING - No commits found for issue #1027, skipping...
2024-12-02 12:36:50,855 - INFO - Processing issue #1028
2024-12-02 12:36:50,856 - INFO - Searching for commits related to issue number: 1028
2024-12-02 12:36:50,866 - INFO - Total commits found for issue #1028: 0
2024-12-02 12:36:50,867 - WARNING - No commits found for issue #1028, skipping...
2024-12-02 12:36:50,867 - INFO - Processing issue #1029
2024-12-02 12:36:50,868 - INFO - Searching for commits related to issue number: 1029
2024-12-02 12:36:50,890 - INFO - Total commits found for issue #1029: 0
2024-12-02 12:36:50,890 - WARNING - No commits found for issue #1029, skipping...
2024-12-02 12:36:50,891 - INFO - Processing issue #1030
2024-12-02 12:36:50,891 - INFO - Searching for commits related to issue number: 1030
2024-12-02 12:36:50,905 - INFO - Total commits found for issue #1030: 0
2024-12-02 12:36:50,906 - WARNING - No commits found for issue #1030, skipping...
2024-12-02 12:36:50,906 - INFO - Processing issue #1031
2024-12-02 12:36:50,906 - INFO - Searching for commits related to issue number: 1031
2024-12-02 12:36:50,920 - INFO - Total commits found for issue #1031: 0
2024-12-02 12:36:50,920 - WARNING - No commits found for issue #1031, skipping...
2024-12-02 12:36:50,920 - INFO - Processing issue #1032
2024-12-02 12:36:50,920 - INFO - Searching for commits related to issue number: 1032
2024-12-02 12:36:50,939 - INFO - Total commits found for issue #1032: 0
2024-12-02 12:36:50,939 - WARNING - No commits found for issue #1032, skipping...
2024-12-02 12:36:50,939 - INFO - Processing issue #1033
2024-12-02 12:36:50,939 - INFO - Searching for commits related to issue number: 1033
2024-12-02 12:36:50,950 - INFO - Total commits found for issue #1033: 0
2024-12-02 12:36:50,950 - WARNING - No commits found for issue #1033, skipping...
2024-12-02 12:36:50,950 - INFO - Processing issue #1034
2024-12-02 12:36:50,950 - INFO - Searching for commits related to issue number: 1034
2024-12-02 12:36:50,956 - INFO - Total commits found for issue #1034: 0
2024-12-02 12:36:50,957 - WARNING - No commits found for issue #1034, skipping...
2024-12-02 12:36:50,957 - INFO - Processing issue #1035
2024-12-02 12:36:50,958 - INFO - Searching for commits related to issue number: 1035
2024-12-02 12:36:50,963 - INFO - Total commits found for issue #1035: 0
2024-12-02 12:36:50,964 - WARNING - No commits found for issue #1035, skipping...
2024-12-02 12:36:50,967 - INFO - Processing issue #1036
2024-12-02 12:36:50,968 - INFO - Searching for commits related to issue number: 1036
2024-12-02 12:36:50,974 - INFO - Total commits found for issue #1036: 0
2024-12-02 12:36:50,975 - WARNING - No commits found for issue #1036, skipping...
2024-12-02 12:36:50,975 - INFO - Processing issue #1037
2024-12-02 12:36:50,976 - INFO - Searching for commits related to issue number: 1037
2024-12-02 12:36:50,982 - INFO - Total commits found for issue #1037: 0
2024-12-02 12:36:50,983 - WARNING - No commits found for issue #1037, skipping...
2024-12-02 12:36:50,983 - INFO - Processing issue #1038
2024-12-02 12:36:50,983 - INFO - Searching for commits related to issue number: 1038
2024-12-02 12:36:50,990 - INFO - Total commits found for issue #1038: 0
2024-12-02 12:36:50,990 - WARNING - No commits found for issue #1038, skipping...
2024-12-02 12:36:50,991 - INFO - Processing issue #1039
2024-12-02 12:36:50,991 - INFO - Searching for commits related to issue number: 1039
2024-12-02 12:36:51,001 - INFO - Total commits found for issue #1039: 0
2024-12-02 12:36:51,002 - WARNING - No commits found for issue #1039, skipping...
2024-12-02 12:36:51,002 - INFO - Processing issue #1040
2024-12-02 12:36:51,002 - INFO - Searching for commits related to issue number: 1040
2024-12-02 12:36:51,010 - INFO - Total commits found for issue #1040: 0
2024-12-02 12:36:51,011 - WARNING - No commits found for issue #1040, skipping...
2024-12-02 12:36:51,011 - INFO - Processing issue #1041
2024-12-02 12:36:51,012 - INFO - Searching for commits related to issue number: 1041
2024-12-02 12:36:51,021 - INFO - Total commits found for issue #1041: 0
2024-12-02 12:36:51,021 - WARNING - No commits found for issue #1041, skipping...
2024-12-02 12:36:51,021 - INFO - Processing issue #1042
2024-12-02 12:36:51,021 - INFO - Searching for commits related to issue number: 1042
2024-12-02 12:36:51,031 - INFO - Total commits found for issue #1042: 0
2024-12-02 12:36:51,032 - WARNING - No commits found for issue #1042, skipping...
2024-12-02 12:36:51,032 - INFO - Processing issue #1043
2024-12-02 12:36:51,032 - INFO - Searching for commits related to issue number: 1043
2024-12-02 12:36:51,040 - INFO - Total commits found for issue #1043: 0
2024-12-02 12:36:51,040 - WARNING - No commits found for issue #1043, skipping...
2024-12-02 12:36:51,040 - INFO - Processing issue #1044
2024-12-02 12:36:51,041 - INFO - Searching for commits related to issue number: 1044
2024-12-02 12:36:51,046 - INFO - Total commits found for issue #1044: 0
2024-12-02 12:36:51,047 - WARNING - No commits found for issue #1044, skipping...
2024-12-02 12:36:51,047 - INFO - Processing issue #1045
2024-12-02 12:36:51,048 - INFO - Searching for commits related to issue number: 1045
2024-12-02 12:36:51,053 - INFO - Total commits found for issue #1045: 0
2024-12-02 12:36:51,053 - WARNING - No commits found for issue #1045, skipping...
2024-12-02 12:36:51,053 - INFO - Processing issue #1046
2024-12-02 12:36:51,053 - INFO - Searching for commits related to issue number: 1046
2024-12-02 12:36:51,057 - INFO - Total commits found for issue #1046: 0
2024-12-02 12:36:51,058 - WARNING - No commits found for issue #1046, skipping...
2024-12-02 12:36:51,058 - INFO - Processing issue #1047
2024-12-02 12:36:51,058 - INFO - Searching for commits related to issue number: 1047
2024-12-02 12:36:51,063 - INFO - Total commits found for issue #1047: 0
2024-12-02 12:36:51,064 - WARNING - No commits found for issue #1047, skipping...
2024-12-02 12:36:51,064 - INFO - Processing issue #1048
2024-12-02 12:36:51,065 - INFO - Searching for commits related to issue number: 1048
2024-12-02 12:36:51,069 - INFO - Total commits found for issue #1048: 0
2024-12-02 12:36:51,069 - WARNING - No commits found for issue #1048, skipping...
2024-12-02 12:36:51,069 - INFO - Processing issue #1049
2024-12-02 12:36:51,069 - INFO - Searching for commits related to issue number: 1049
2024-12-02 12:36:51,073 - INFO - Total commits found for issue #1049: 0
2024-12-02 12:36:51,073 - WARNING - No commits found for issue #1049, skipping...
2024-12-02 12:36:51,073 - INFO - Processing issue #1050
2024-12-02 12:36:51,074 - INFO - Searching for commits related to issue number: 1050
2024-12-02 12:36:51,080 - INFO - Total commits found for issue #1050: 0
2024-12-02 12:36:51,080 - WARNING - No commits found for issue #1050, skipping...
2024-12-02 12:36:51,080 - INFO - Processing issue #1051
2024-12-02 12:36:51,081 - INFO - Searching for commits related to issue number: 1051
2024-12-02 12:36:51,085 - INFO - Total commits found for issue #1051: 0
2024-12-02 12:36:51,085 - WARNING - No commits found for issue #1051, skipping...
2024-12-02 12:36:51,085 - INFO - Processing issue #1052
2024-12-02 12:36:51,086 - INFO - Searching for commits related to issue number: 1052
2024-12-02 12:36:51,089 - INFO - Total commits found for issue #1052: 0
2024-12-02 12:36:51,090 - WARNING - No commits found for issue #1052, skipping...
2024-12-02 12:36:51,090 - INFO - Processing issue #1053
2024-12-02 12:36:51,090 - INFO - Searching for commits related to issue number: 1053
2024-12-02 12:36:51,095 - INFO - Total commits found for issue #1053: 0
2024-12-02 12:36:51,096 - WARNING - No commits found for issue #1053, skipping...
2024-12-02 12:36:51,096 - INFO - Processing issue #1054
2024-12-02 12:36:51,096 - INFO - Searching for commits related to issue number: 1054
2024-12-02 12:36:51,100 - INFO - Total commits found for issue #1054: 0
2024-12-02 12:36:51,100 - WARNING - No commits found for issue #1054, skipping...
2024-12-02 12:36:51,101 - INFO - Processing issue #1055
2024-12-02 12:36:51,101 - INFO - Searching for commits related to issue number: 1055
2024-12-02 12:36:51,104 - INFO - Total commits found for issue #1055: 0
2024-12-02 12:36:51,104 - WARNING - No commits found for issue #1055, skipping...
2024-12-02 12:36:51,105 - INFO - Processing issue #1056
2024-12-02 12:36:51,105 - INFO - Searching for commits related to issue number: 1056
2024-12-02 12:36:51,108 - INFO - Total commits found for issue #1056: 0
2024-12-02 12:36:51,109 - WARNING - No commits found for issue #1056, skipping...
2024-12-02 12:36:51,109 - INFO - Processing issue #1057
2024-12-02 12:36:51,109 - INFO - Searching for commits related to issue number: 1057
2024-12-02 12:36:51,114 - INFO - Total commits found for issue #1057: 0
2024-12-02 12:36:51,114 - WARNING - No commits found for issue #1057, skipping...
2024-12-02 12:36:51,115 - INFO - Processing issue #1058
2024-12-02 12:36:51,115 - INFO - Searching for commits related to issue number: 1058
2024-12-02 12:36:51,118 - INFO - Total commits found for issue #1058: 0
2024-12-02 12:36:51,118 - WARNING - No commits found for issue #1058, skipping...
2024-12-02 12:36:51,118 - INFO - Processing issue #1059
2024-12-02 12:36:51,118 - INFO - Searching for commits related to issue number: 1059
2024-12-02 12:36:51,122 - INFO - Total commits found for issue #1059: 0
2024-12-02 12:36:51,122 - WARNING - No commits found for issue #1059, skipping...
2024-12-02 12:36:51,122 - INFO - Processing issue #1060
2024-12-02 12:36:51,122 - INFO - Searching for commits related to issue number: 1060
2024-12-02 12:36:51,126 - INFO - Total commits found for issue #1060: 0
2024-12-02 12:36:51,126 - WARNING - No commits found for issue #1060, skipping...
2024-12-02 12:36:51,127 - INFO - Processing issue #1061
2024-12-02 12:36:51,127 - INFO - Searching for commits related to issue number: 1061
2024-12-02 12:36:51,131 - INFO - Total commits found for issue #1061: 0
2024-12-02 12:36:51,131 - WARNING - No commits found for issue #1061, skipping...
2024-12-02 12:36:51,131 - INFO - Processing issue #1062
2024-12-02 12:36:51,131 - INFO - Searching for commits related to issue number: 1062
2024-12-02 12:36:51,135 - INFO - Total commits found for issue #1062: 0
2024-12-02 12:36:51,135 - WARNING - No commits found for issue #1062, skipping...
2024-12-02 12:36:51,135 - INFO - Processing issue #1063
2024-12-02 12:36:51,136 - INFO - Searching for commits related to issue number: 1063
2024-12-02 12:36:51,139 - INFO - Total commits found for issue #1063: 0
2024-12-02 12:36:51,139 - WARNING - No commits found for issue #1063, skipping...
2024-12-02 12:36:51,139 - INFO - Processing issue #1064
2024-12-02 12:36:51,139 - INFO - Searching for commits related to issue number: 1064
2024-12-02 12:36:51,144 - INFO - Total commits found for issue #1064: 0
2024-12-02 12:36:51,145 - WARNING - No commits found for issue #1064, skipping...
2024-12-02 12:36:51,145 - INFO - Processing issue #1065
2024-12-02 12:36:51,145 - INFO - Searching for commits related to issue number: 1065
2024-12-02 12:36:51,149 - INFO - Total commits found for issue #1065: 0
2024-12-02 12:36:51,150 - WARNING - No commits found for issue #1065, skipping...
2024-12-02 12:36:51,150 - INFO - Processing issue #1066
2024-12-02 12:36:51,150 - INFO - Searching for commits related to issue number: 1066
2024-12-02 12:36:51,153 - INFO - Total commits found for issue #1066: 0
2024-12-02 12:36:51,154 - WARNING - No commits found for issue #1066, skipping...
2024-12-02 12:36:51,154 - INFO - Processing issue #1067
2024-12-02 12:36:51,154 - INFO - Searching for commits related to issue number: 1067
2024-12-02 12:36:51,158 - INFO - Total commits found for issue #1067: 0
2024-12-02 12:36:51,158 - WARNING - No commits found for issue #1067, skipping...
2024-12-02 12:36:51,158 - INFO - Processing issue #1068
2024-12-02 12:36:51,158 - INFO - Searching for commits related to issue number: 1068
2024-12-02 12:36:51,163 - INFO - Total commits found for issue #1068: 0
2024-12-02 12:36:51,163 - WARNING - No commits found for issue #1068, skipping...
2024-12-02 12:36:51,164 - INFO - Processing issue #1069
2024-12-02 12:36:51,164 - INFO - Searching for commits related to issue number: 1069
2024-12-02 12:36:51,167 - INFO - Total commits found for issue #1069: 0
2024-12-02 12:36:51,168 - WARNING - No commits found for issue #1069, skipping...
2024-12-02 12:36:51,168 - INFO - Processing issue #1070
2024-12-02 12:36:51,168 - INFO - Searching for commits related to issue number: 1070
2024-12-02 12:36:51,172 - INFO - Total commits found for issue #1070: 0
2024-12-02 12:36:51,172 - WARNING - No commits found for issue #1070, skipping...
2024-12-02 12:36:51,172 - INFO - Processing issue #1071
2024-12-02 12:36:51,172 - INFO - Searching for commits related to issue number: 1071
2024-12-02 12:36:51,176 - INFO - Total commits found for issue #1071: 0
2024-12-02 12:36:51,176 - WARNING - No commits found for issue #1071, skipping...
2024-12-02 12:36:51,176 - INFO - Processing issue #1072
2024-12-02 12:36:51,176 - INFO - Searching for commits related to issue number: 1072
2024-12-02 12:36:51,181 - INFO - Total commits found for issue #1072: 0
2024-12-02 12:36:51,181 - WARNING - No commits found for issue #1072, skipping...
2024-12-02 12:36:51,182 - INFO - Processing issue #1073
2024-12-02 12:36:51,182 - INFO - Searching for commits related to issue number: 1073
2024-12-02 12:36:51,185 - INFO - Total commits found for issue #1073: 0
2024-12-02 12:36:51,185 - WARNING - No commits found for issue #1073, skipping...
2024-12-02 12:36:51,185 - INFO - Processing issue #1074
2024-12-02 12:36:51,186 - INFO - Searching for commits related to issue number: 1074
2024-12-02 12:36:51,189 - INFO - Total commits found for issue #1074: 0
2024-12-02 12:36:51,189 - WARNING - No commits found for issue #1074, skipping...
2024-12-02 12:36:51,190 - INFO - Processing issue #1075
2024-12-02 12:36:51,190 - INFO - Searching for commits related to issue number: 1075
2024-12-02 12:36:51,195 - INFO - Total commits found for issue #1075: 0
2024-12-02 12:36:51,195 - WARNING - No commits found for issue #1075, skipping...
2024-12-02 12:36:51,195 - INFO - Processing issue #1076
2024-12-02 12:36:51,195 - INFO - Searching for commits related to issue number: 1076
2024-12-02 12:36:51,200 - INFO - Total commits found for issue #1076: 0
2024-12-02 12:36:51,200 - WARNING - No commits found for issue #1076, skipping...
2024-12-02 12:36:51,200 - INFO - Processing issue #1077
2024-12-02 12:36:51,201 - INFO - Searching for commits related to issue number: 1077
2024-12-02 12:36:51,204 - INFO - Total commits found for issue #1077: 0
2024-12-02 12:36:51,204 - WARNING - No commits found for issue #1077, skipping...
2024-12-02 12:36:51,204 - INFO - Processing issue #1078
2024-12-02 12:36:51,205 - INFO - Searching for commits related to issue number: 1078
2024-12-02 12:36:51,208 - INFO - Total commits found for issue #1078: 0
2024-12-02 12:36:51,208 - WARNING - No commits found for issue #1078, skipping...
2024-12-02 12:36:51,208 - INFO - Processing issue #1079
2024-12-02 12:36:51,208 - INFO - Searching for commits related to issue number: 1079
2024-12-02 12:36:51,213 - INFO - Total commits found for issue #1079: 0
2024-12-02 12:36:51,213 - WARNING - No commits found for issue #1079, skipping...
2024-12-02 12:36:51,213 - INFO - Processing issue #1080
2024-12-02 12:36:51,213 - INFO - Searching for commits related to issue number: 1080
2024-12-02 12:36:51,218 - INFO - Total commits found for issue #1080: 0
2024-12-02 12:36:51,218 - WARNING - No commits found for issue #1080, skipping...
2024-12-02 12:36:51,218 - INFO - Processing issue #1081
2024-12-02 12:36:51,218 - INFO - Searching for commits related to issue number: 1081
2024-12-02 12:36:51,222 - INFO - Total commits found for issue #1081: 0
2024-12-02 12:36:51,222 - WARNING - No commits found for issue #1081, skipping...
2024-12-02 12:36:51,223 - INFO - Processing issue #1082
2024-12-02 12:36:51,223 - INFO - Searching for commits related to issue number: 1082
2024-12-02 12:36:51,227 - INFO - Total commits found for issue #1082: 0
2024-12-02 12:36:51,227 - WARNING - No commits found for issue #1082, skipping...
2024-12-02 12:36:51,227 - INFO - Processing issue #1083
2024-12-02 12:36:51,228 - INFO - Searching for commits related to issue number: 1083
2024-12-02 12:36:51,237 - INFO - Total commits found for issue #1083: 0
2024-12-02 12:36:51,237 - WARNING - No commits found for issue #1083, skipping...
2024-12-02 12:36:51,237 - INFO - Processing issue #1084
2024-12-02 12:36:51,237 - INFO - Searching for commits related to issue number: 1084
2024-12-02 12:36:51,246 - INFO - Total commits found for issue #1084: 0
2024-12-02 12:36:51,246 - WARNING - No commits found for issue #1084, skipping...
2024-12-02 12:36:51,247 - INFO - Processing issue #1085
2024-12-02 12:36:51,247 - INFO - Searching for commits related to issue number: 1085
2024-12-02 12:36:51,253 - INFO - Total commits found for issue #1085: 0
2024-12-02 12:36:51,253 - WARNING - No commits found for issue #1085, skipping...
2024-12-02 12:36:51,253 - INFO - Processing issue #1086
2024-12-02 12:36:51,253 - INFO - Searching for commits related to issue number: 1086
2024-12-02 12:36:51,260 - INFO - Total commits found for issue #1086: 0
2024-12-02 12:36:51,260 - WARNING - No commits found for issue #1086, skipping...
2024-12-02 12:36:51,260 - INFO - Processing issue #1087
2024-12-02 12:36:51,260 - INFO - Searching for commits related to issue number: 1087
2024-12-02 12:36:51,268 - INFO - Total commits found for issue #1087: 0
2024-12-02 12:36:51,268 - WARNING - No commits found for issue #1087, skipping...
2024-12-02 12:36:51,269 - INFO - Processing issue #1088
2024-12-02 12:36:51,269 - INFO - Searching for commits related to issue number: 1088
2024-12-02 12:36:51,275 - INFO - Total commits found for issue #1088: 0
2024-12-02 12:36:51,275 - WARNING - No commits found for issue #1088, skipping...
2024-12-02 12:36:51,277 - INFO - Processing issue #1089
2024-12-02 12:36:51,278 - INFO - Searching for commits related to issue number: 1089
2024-12-02 12:36:51,284 - INFO - Total commits found for issue #1089: 0
2024-12-02 12:36:51,284 - WARNING - No commits found for issue #1089, skipping...
2024-12-02 12:36:51,285 - INFO - Processing issue #1090
2024-12-02 12:36:51,285 - INFO - Searching for commits related to issue number: 1090
2024-12-02 12:36:51,291 - INFO - Total commits found for issue #1090: 0
2024-12-02 12:36:51,292 - WARNING - No commits found for issue #1090, skipping...
2024-12-02 12:36:51,292 - INFO - Processing issue #1091
2024-12-02 12:36:51,292 - INFO - Searching for commits related to issue number: 1091
2024-12-02 12:36:51,299 - INFO - Total commits found for issue #1091: 0
2024-12-02 12:36:51,301 - WARNING - No commits found for issue #1091, skipping...
2024-12-02 12:36:51,302 - INFO - Processing issue #1092
2024-12-02 12:36:51,302 - INFO - Searching for commits related to issue number: 1092
2024-12-02 12:36:51,311 - INFO - Total commits found for issue #1092: 0
2024-12-02 12:36:51,311 - WARNING - No commits found for issue #1092, skipping...
2024-12-02 12:36:51,311 - INFO - Processing issue #1093
2024-12-02 12:36:51,311 - INFO - Searching for commits related to issue number: 1093
2024-12-02 12:36:51,319 - INFO - Total commits found for issue #1093: 0
2024-12-02 12:36:51,319 - WARNING - No commits found for issue #1093, skipping...
2024-12-02 12:36:51,320 - INFO - Processing issue #1094
2024-12-02 12:36:51,320 - INFO - Searching for commits related to issue number: 1094
2024-12-02 12:36:51,330 - INFO - Total commits found for issue #1094: 0
2024-12-02 12:36:51,331 - WARNING - No commits found for issue #1094, skipping...
2024-12-02 12:36:51,331 - INFO - Processing issue #1095
2024-12-02 12:36:51,331 - INFO - Searching for commits related to issue number: 1095
2024-12-02 12:36:51,339 - INFO - Total commits found for issue #1095: 0
2024-12-02 12:36:51,340 - WARNING - No commits found for issue #1095, skipping...
2024-12-02 12:36:51,340 - INFO - Processing issue #1096
2024-12-02 12:36:51,341 - INFO - Searching for commits related to issue number: 1096
2024-12-02 12:36:51,346 - INFO - Total commits found for issue #1096: 0
2024-12-02 12:36:51,347 - WARNING - No commits found for issue #1096, skipping...
2024-12-02 12:36:51,347 - INFO - Processing issue #1097
2024-12-02 12:36:51,348 - INFO - Searching for commits related to issue number: 1097
2024-12-02 12:36:51,356 - INFO - Total commits found for issue #1097: 0
2024-12-02 12:36:51,356 - WARNING - No commits found for issue #1097, skipping...
2024-12-02 12:36:51,357 - INFO - Processing issue #1098
2024-12-02 12:36:51,357 - INFO - Searching for commits related to issue number: 1098
2024-12-02 12:36:51,366 - INFO - Total commits found for issue #1098: 0
2024-12-02 12:36:51,367 - WARNING - No commits found for issue #1098, skipping...
2024-12-02 12:36:51,367 - INFO - Processing issue #1099
2024-12-02 12:36:51,367 - INFO - Searching for commits related to issue number: 1099
2024-12-02 12:36:51,372 - INFO - Total commits found for issue #1099: 0
2024-12-02 12:36:51,372 - WARNING - No commits found for issue #1099, skipping...
2024-12-02 12:36:51,373 - INFO - Processing issue #1100
2024-12-02 12:36:51,373 - INFO - Searching for commits related to issue number: 1100
2024-12-02 12:36:51,380 - INFO - Total commits found for issue #1100: 0
2024-12-02 12:36:51,381 - WARNING - No commits found for issue #1100, skipping...
2024-12-02 12:36:51,381 - INFO - Dataset successfully saved to 'data/issue_dataset.jsonl'
2024-12-02 12:36:51,382 - INFO - Issue Dataset Creation Script finished.
